<?xml version="1.0" encoding="UTF-8"?>
<testsuites name="Regression_Web" time="1037.322" tests="26" failures="0" errors="0">
   <testsuite name="Regression_Web" tests="26" failures="0" errors="0" time="1037.322" skipped="0" timestamp="2022-07-16 22:18:03" hostname="salsa - SALSABILA" id="Test Suites/TS02_Web/Regression_Web">
      <properties>
[...]
</properties>
      <testcase name="Test Cases/02_Web/01_Landing Page/SC001_Contact Us/Contact Us" time="18.422" classname="Test Cases/02_Web/01_Landing Page/SC001_Contact Us/Contact Us" status="PASSED">
         <system-out><![CDATA[2022-07-16 22:18:03 - [TEST_CASE][PASSED] - Test Cases/02_Web/01_Landing Page/SC001_Contact Us/Contact Us: Test Cases/02_Web/01_Landing Page/SC001_Contact Us/Contact Us

2022-07-16 22:18:04 - [TEST_STEP][PASSED] - openBrowser(url_website): Browser is opened with url: 'https://capstone-study-space.netlify.app/'

2022-07-16 22:18:05 - [MESSAGE][INFO] - Starting 'Chrome' driver

2022-07-16 22:18:06 - [MESSAGE][INFO] - Action delay is set to 0 milliseconds

2022-07-16 22:18:10 - [MESSAGE][PASSED] - Browser is opened with url: 'https://capstone-study-space.netlify.app/'

2022-07-16 22:18:10 - [TEST_STEP][PASSED] - maximizeWindow(STOP_ON_FAILURE): Current window maximized

2022-07-16 22:18:10 - [MESSAGE][PASSED] - Current window maximized

2022-07-16 22:18:10 - [TEST_STEP][PASSED] - for ([i = 1, i <= 3, (i++)]): null

2022-07-16 22:18:10 - [TEST_STEP][PASSED] - setText(findTestObject("02_Web/01_Landing Page/SC001_Contact Us/input_Your Name_name"), findTestData("contact_us").getValue(3, i)): Text '' is set on object 'Object Repository/02_Web/01_Landing Page/SC001_Contact Us/input_Your Name_name'

2022-07-16 22:18:12 - [MESSAGE][PASSED] - Text '' is set on object 'Object Repository/02_Web/01_Landing Page/SC001_Contact Us/input_Your Name_name'

2022-07-16 22:18:12 - [TEST_STEP][PASSED] - setText(findTestObject("02_Web/01_Landing Page/SC001_Contact Us/input_Your Email_email"), findTestData("contact_us").getValue(4, i)): Text '' is set on object 'Object Repository/02_Web/01_Landing Page/SC001_Contact Us/input_Your Email_email'

2022-07-16 22:18:13 - [MESSAGE][PASSED] - Text '' is set on object 'Object Repository/02_Web/01_Landing Page/SC001_Contact Us/input_Your Email_email'

2022-07-16 22:18:13 - [TEST_STEP][PASSED] - setText(findTestObject("02_Web/01_Landing Page/SC001_Contact Us/textarea_Your Message_message"), findTestData("contact_us").getValue(5, i)): Text '' is set on object 'Object Repository/02_Web/01_Landing Page/SC001_Contact Us/textarea_Your Message_message'

2022-07-16 22:18:14 - [MESSAGE][PASSED] - Text '' is set on object 'Object Repository/02_Web/01_Landing Page/SC001_Contact Us/textarea_Your Message_message'

2022-07-16 22:18:14 - [TEST_STEP][PASSED] - click(findTestObject("02_Web/01_Landing Page/SC001_Contact Us/button_Submit")): Object: 'Object Repository/02_Web/01_Landing Page/SC001_Contact Us/button_Submit' is clicked on

2022-07-16 22:18:15 - [MESSAGE][PASSED] - Object: 'Object Repository/02_Web/01_Landing Page/SC001_Contact Us/button_Submit' is clicked on

2022-07-16 22:18:15 - [TEST_STEP][PASSED] - if (findTestData("signup").getValue(2, i) == "positive"): null

2022-07-16 22:18:15 - [TEST_STEP][PASSED] - setText(findTestObject("02_Web/01_Landing Page/SC001_Contact Us/input_Your Name_name"), findTestData("contact_us").getValue(3, i)): Text 'sal' is set on object 'Object Repository/02_Web/01_Landing Page/SC001_Contact Us/input_Your Name_name'

2022-07-16 22:18:16 - [MESSAGE][PASSED] - Text 'sal' is set on object 'Object Repository/02_Web/01_Landing Page/SC001_Contact Us/input_Your Name_name'

2022-07-16 22:18:16 - [TEST_STEP][PASSED] - setText(findTestObject("02_Web/01_Landing Page/SC001_Contact Us/input_Your Email_email"), findTestData("contact_us").getValue(4, i)): Text 'salgmail.com' is set on object 'Object Repository/02_Web/01_Landing Page/SC001_Contact Us/input_Your Email_email'

2022-07-16 22:18:16 - [MESSAGE][PASSED] - Text 'salgmail.com' is set on object 'Object Repository/02_Web/01_Landing Page/SC001_Contact Us/input_Your Email_email'

2022-07-16 22:18:16 - [TEST_STEP][PASSED] - setText(findTestObject("02_Web/01_Landing Page/SC001_Contact Us/textarea_Your Message_message"), findTestData("contact_us").getValue(5, i)): Text 'Hi.' is set on object 'Object Repository/02_Web/01_Landing Page/SC001_Contact Us/textarea_Your Message_message'

2022-07-16 22:18:17 - [MESSAGE][PASSED] - Text 'Hi.' is set on object 'Object Repository/02_Web/01_Landing Page/SC001_Contact Us/textarea_Your Message_message'

2022-07-16 22:18:17 - [TEST_STEP][PASSED] - click(findTestObject("02_Web/01_Landing Page/SC001_Contact Us/button_Submit")): Object: 'Object Repository/02_Web/01_Landing Page/SC001_Contact Us/button_Submit' is clicked on

2022-07-16 22:18:17 - [MESSAGE][PASSED] - Object: 'Object Repository/02_Web/01_Landing Page/SC001_Contact Us/button_Submit' is clicked on

2022-07-16 22:18:17 - [TEST_STEP][PASSED] - if (findTestData("signup").getValue(2, i) == "positive"): null

2022-07-16 22:18:18 - [TEST_STEP][PASSED] - setText(findTestObject("02_Web/01_Landing Page/SC001_Contact Us/input_Your Name_name"), findTestData("contact_us").getValue(3, i)): Text 'sal' is set on object 'Object Repository/02_Web/01_Landing Page/SC001_Contact Us/input_Your Name_name'

2022-07-16 22:18:19 - [MESSAGE][PASSED] - Text 'sal' is set on object 'Object Repository/02_Web/01_Landing Page/SC001_Contact Us/input_Your Name_name'

2022-07-16 22:18:19 - [TEST_STEP][PASSED] - setText(findTestObject("02_Web/01_Landing Page/SC001_Contact Us/input_Your Email_email"), findTestData("contact_us").getValue(4, i)): Text 'sal@gmail.com' is set on object 'Object Repository/02_Web/01_Landing Page/SC001_Contact Us/input_Your Email_email'

2022-07-16 22:18:19 - [MESSAGE][PASSED] - Text 'sal@gmail.com' is set on object 'Object Repository/02_Web/01_Landing Page/SC001_Contact Us/input_Your Email_email'

2022-07-16 22:18:19 - [TEST_STEP][PASSED] - setText(findTestObject("02_Web/01_Landing Page/SC001_Contact Us/textarea_Your Message_message"), findTestData("contact_us").getValue(5, i)): Text 'Hi.' is set on object 'Object Repository/02_Web/01_Landing Page/SC001_Contact Us/textarea_Your Message_message'

2022-07-16 22:18:20 - [MESSAGE][PASSED] - Text 'Hi.' is set on object 'Object Repository/02_Web/01_Landing Page/SC001_Contact Us/textarea_Your Message_message'

2022-07-16 22:18:20 - [TEST_STEP][PASSED] - click(findTestObject("02_Web/01_Landing Page/SC001_Contact Us/button_Submit")): Object: 'Object Repository/02_Web/01_Landing Page/SC001_Contact Us/button_Submit' is clicked on

2022-07-16 22:18:21 - [MESSAGE][PASSED] - Object: 'Object Repository/02_Web/01_Landing Page/SC001_Contact Us/button_Submit' is clicked on

2022-07-16 22:18:21 - [TEST_STEP][PASSED] - if (findTestData("signup").getValue(2, i) == "positive"): null

2022-07-16 22:18:21 - [TEST_STEP][PASSED] - closeBrowser(): Browser is closed

2022-07-16 22:18:21 - [MESSAGE][PASSED] - Browser is closed]]></system-out>
         <system-err><![CDATA[]]></system-err>
      </testcase>
      <testcase name="Test Cases/02_Web/02_Auth/SC002_Sign Up/Sign Up" time="67.485" classname="Test Cases/02_Web/02_Auth/SC002_Sign Up/Sign Up" status="PASSED">
         <system-out><![CDATA[2022-07-16 22:18:21 - [TEST_CASE][PASSED] - Test Cases/02_Web/02_Auth/SC002_Sign Up/Sign Up: Test Cases/02_Web/02_Auth/SC002_Sign Up/Sign Up

2022-07-16 22:18:22 - [TEST_STEP][PASSED] - openBrowser(url_website): Browser is opened with url: 'https://capstone-study-space.netlify.app/'

2022-07-16 22:18:22 - [MESSAGE][INFO] - Starting 'Chrome' driver

2022-07-16 22:18:22 - [MESSAGE][INFO] - Action delay is set to 0 milliseconds

2022-07-16 22:18:25 - [MESSAGE][PASSED] - Browser is opened with url: 'https://capstone-study-space.netlify.app/'

2022-07-16 22:18:25 - [TEST_STEP][PASSED] - maximizeWindow(STOP_ON_FAILURE): Current window maximized

2022-07-16 22:18:25 - [MESSAGE][PASSED] - Current window maximized

2022-07-16 22:18:25 - [TEST_STEP][PASSED] - click(findTestObject("02_Web/02_Auth/SC002_Sign Up/button_Sign up")): Object: 'Object Repository/02_Web/02_Auth/SC002_Sign Up/button_Sign up' is clicked on

2022-07-16 22:18:25 - [MESSAGE][PASSED] - Object: 'Object Repository/02_Web/02_Auth/SC002_Sign Up/button_Sign up' is clicked on

2022-07-16 22:18:25 - [TEST_STEP][PASSED] - for ([i = 1, i <= 9, (i++)]): Object: 'Object Repository/02_Web/02_Auth/SC002_Sign Up/btn_popup_message' is clicked on

2022-07-16 22:18:25 - [TEST_STEP][PASSED] - setText(findTestObject("02_Web/02_Auth/SC002_Sign Up/input_fullname_fullname"), findTestData("signup_web").getValue(3, i)): Text '' is set on object 'Object Repository/02_Web/02_Auth/SC002_Sign Up/input_fullname_fullname'

2022-07-16 22:18:26 - [MESSAGE][PASSED] - Text '' is set on object 'Object Repository/02_Web/02_Auth/SC002_Sign Up/input_fullname_fullname'

2022-07-16 22:18:26 - [TEST_STEP][PASSED] - setText(findTestObject("02_Web/02_Auth/SC002_Sign Up/input_email_email"), findTestData("signup_web").getValue(4, i)): Text '' is set on object 'Object Repository/02_Web/02_Auth/SC002_Sign Up/input_email_email'

2022-07-16 22:18:27 - [MESSAGE][PASSED] - Text '' is set on object 'Object Repository/02_Web/02_Auth/SC002_Sign Up/input_email_email'

2022-07-16 22:18:27 - [TEST_STEP][PASSED] - setText(findTestObject("02_Web/02_Auth/SC002_Sign Up/input_password_password"), findTestData("signup_web").getValue(5, i)): Text '' is set on object 'Object Repository/02_Web/02_Auth/SC002_Sign Up/input_password_password'

2022-07-16 22:18:28 - [MESSAGE][PASSED] - Text '' is set on object 'Object Repository/02_Web/02_Auth/SC002_Sign Up/input_password_password'

2022-07-16 22:18:28 - [TEST_STEP][PASSED] - click(findTestObject("02_Web/02_Auth/SC002_Sign Up/button_Daftar")): Object: 'Object Repository/02_Web/02_Auth/SC002_Sign Up/button_Daftar' is clicked on

2022-07-16 22:18:28 - [MESSAGE][PASSED] - Object: 'Object Repository/02_Web/02_Auth/SC002_Sign Up/button_Daftar' is clicked on

2022-07-16 22:18:28 - [TEST_STEP][PASSED] - if (findTestData("signup_web").getValue(2, i) == "negative" && findTestData("signup_web").getValue(4, i) == ""): Object 'Object Repository/02_Web/02_Auth/SC002_Sign Up/button_Daftar' is present

2022-07-16 22:18:28 - [TEST_STEP][PASSED] - verifyElementPresent(findTestObject("02_Web/02_Auth/SC002_Sign Up/button_Daftar"), 0): Object 'Object Repository/02_Web/02_Auth/SC002_Sign Up/button_Daftar' is present

2022-07-16 22:18:29 - [MESSAGE][WARNING] - Timeout '0' is invalid. Using default page load timeout: '30'

2022-07-16 22:18:29 - [MESSAGE][PASSED] - Object 'Object Repository/02_Web/02_Auth/SC002_Sign Up/button_Daftar' is present

2022-07-16 22:18:29 - [TEST_STEP][PASSED] - setText(findTestObject("02_Web/02_Auth/SC002_Sign Up/input_fullname_fullname"), findTestData("signup_web").getValue(3, i)): Text 'Archie' is set on object 'Object Repository/02_Web/02_Auth/SC002_Sign Up/input_fullname_fullname'

2022-07-16 22:18:30 - [MESSAGE][PASSED] - Text 'Archie' is set on object 'Object Repository/02_Web/02_Auth/SC002_Sign Up/input_fullname_fullname'

2022-07-16 22:18:30 - [TEST_STEP][PASSED] - setText(findTestObject("02_Web/02_Auth/SC002_Sign Up/input_email_email"), findTestData("signup_web").getValue(4, i)): Text 'arch-gmail' is set on object 'Object Repository/02_Web/02_Auth/SC002_Sign Up/input_email_email'

2022-07-16 22:18:31 - [MESSAGE][PASSED] - Text 'arch-gmail' is set on object 'Object Repository/02_Web/02_Auth/SC002_Sign Up/input_email_email'

2022-07-16 22:18:31 - [TEST_STEP][PASSED] - setText(findTestObject("02_Web/02_Auth/SC002_Sign Up/input_password_password"), findTestData("signup_web").getValue(5, i)): Text 'Archen123!' is set on object 'Object Repository/02_Web/02_Auth/SC002_Sign Up/input_password_password'

2022-07-16 22:18:31 - [MESSAGE][PASSED] - Text 'Archen123!' is set on object 'Object Repository/02_Web/02_Auth/SC002_Sign Up/input_password_password'

2022-07-16 22:18:31 - [TEST_STEP][PASSED] - click(findTestObject("02_Web/02_Auth/SC002_Sign Up/button_Daftar")): Object: 'Object Repository/02_Web/02_Auth/SC002_Sign Up/button_Daftar' is clicked on

2022-07-16 22:18:32 - [MESSAGE][PASSED] - Object: 'Object Repository/02_Web/02_Auth/SC002_Sign Up/button_Daftar' is clicked on

2022-07-16 22:18:32 - [TEST_STEP][PASSED] - if (findTestData("signup_web").getValue(2, i) == "negative" && findTestData("signup_web").getValue(4, i) == ""): null

2022-07-16 22:18:32 - [TEST_STEP][PASSED] - else if (i == 8 || i == 9): null

2022-07-16 22:18:32 - [TEST_STEP][PASSED] - else: Object 'Object Repository/02_Web/02_Auth/SC002_Sign Up/password_doesnt_match_require' is present

2022-07-16 22:18:32 - [TEST_STEP][PASSED] - verifyElementPresent(findTestObject("02_Web/02_Auth/SC002_Sign Up/password_doesnt_match_require"), 0): Object 'Object Repository/02_Web/02_Auth/SC002_Sign Up/password_doesnt_match_require' is present

2022-07-16 22:18:32 - [MESSAGE][WARNING] - Timeout '0' is invalid. Using default page load timeout: '30'

2022-07-16 22:18:32 - [MESSAGE][PASSED] - Object 'Object Repository/02_Web/02_Auth/SC002_Sign Up/password_doesnt_match_require' is present

2022-07-16 22:18:32 - [TEST_STEP][PASSED] - setText(findTestObject("02_Web/02_Auth/SC002_Sign Up/input_fullname_fullname"), findTestData("signup_web").getValue(3, i)): Text 'Archie' is set on object 'Object Repository/02_Web/02_Auth/SC002_Sign Up/input_fullname_fullname'

2022-07-16 22:18:33 - [MESSAGE][PASSED] - Text 'Archie' is set on object 'Object Repository/02_Web/02_Auth/SC002_Sign Up/input_fullname_fullname'

2022-07-16 22:18:33 - [TEST_STEP][PASSED] - setText(findTestObject("02_Web/02_Auth/SC002_Sign Up/input_email_email"), findTestData("signup_web").getValue(4, i)): Text 'iniarch@gmail.com' is set on object 'Object Repository/02_Web/02_Auth/SC002_Sign Up/input_email_email'

2022-07-16 22:18:34 - [MESSAGE][PASSED] - Text 'iniarch@gmail.com' is set on object 'Object Repository/02_Web/02_Auth/SC002_Sign Up/input_email_email'

2022-07-16 22:18:34 - [TEST_STEP][PASSED] - setText(findTestObject("02_Web/02_Auth/SC002_Sign Up/input_password_password"), findTestData("signup_web").getValue(5, i)): Text 'Arc12!' is set on object 'Object Repository/02_Web/02_Auth/SC002_Sign Up/input_password_password'

2022-07-16 22:18:35 - [MESSAGE][PASSED] - Text 'Arc12!' is set on object 'Object Repository/02_Web/02_Auth/SC002_Sign Up/input_password_password'

2022-07-16 22:18:35 - [TEST_STEP][PASSED] - click(findTestObject("02_Web/02_Auth/SC002_Sign Up/button_Daftar")): Object: 'Object Repository/02_Web/02_Auth/SC002_Sign Up/button_Daftar' is clicked on

2022-07-16 22:18:35 - [MESSAGE][PASSED] - Object: 'Object Repository/02_Web/02_Auth/SC002_Sign Up/button_Daftar' is clicked on

2022-07-16 22:18:35 - [TEST_STEP][PASSED] - if (findTestData("signup_web").getValue(2, i) == "negative" && findTestData("signup_web").getValue(4, i) == ""): null

2022-07-16 22:18:35 - [TEST_STEP][PASSED] - else if (i == 8 || i == 9): null

2022-07-16 22:18:35 - [TEST_STEP][PASSED] - else: Object 'Object Repository/02_Web/02_Auth/SC002_Sign Up/password_doesnt_match_require' is present

2022-07-16 22:18:35 - [TEST_STEP][PASSED] - verifyElementPresent(findTestObject("02_Web/02_Auth/SC002_Sign Up/password_doesnt_match_require"), 0): Object 'Object Repository/02_Web/02_Auth/SC002_Sign Up/password_doesnt_match_require' is present

2022-07-16 22:18:36 - [MESSAGE][WARNING] - Timeout '0' is invalid. Using default page load timeout: '30'

2022-07-16 22:18:36 - [MESSAGE][PASSED] - Object 'Object Repository/02_Web/02_Auth/SC002_Sign Up/password_doesnt_match_require' is present

2022-07-16 22:18:36 - [TEST_STEP][PASSED] - setText(findTestObject("02_Web/02_Auth/SC002_Sign Up/input_fullname_fullname"), findTestData("signup_web").getValue(3, i)): Text 'Archie' is set on object 'Object Repository/02_Web/02_Auth/SC002_Sign Up/input_fullname_fullname'

2022-07-16 22:18:37 - [MESSAGE][PASSED] - Text 'Archie' is set on object 'Object Repository/02_Web/02_Auth/SC002_Sign Up/input_fullname_fullname'

2022-07-16 22:18:37 - [TEST_STEP][PASSED] - setText(findTestObject("02_Web/02_Auth/SC002_Sign Up/input_email_email"), findTestData("signup_web").getValue(4, i)): Text 'iniarch@gmail.com' is set on object 'Object Repository/02_Web/02_Auth/SC002_Sign Up/input_email_email'

2022-07-16 22:18:37 - [MESSAGE][PASSED] - Text 'iniarch@gmail.com' is set on object 'Object Repository/02_Web/02_Auth/SC002_Sign Up/input_email_email'

2022-07-16 22:18:37 - [TEST_STEP][PASSED] - setText(findTestObject("02_Web/02_Auth/SC002_Sign Up/input_password_password"), findTestData("signup_web").getValue(5, i)): Text 'Archenarchen123*' is set on object 'Object Repository/02_Web/02_Auth/SC002_Sign Up/input_password_password'

2022-07-16 22:18:38 - [MESSAGE][PASSED] - Text 'Archenarchen123*' is set on object 'Object Repository/02_Web/02_Auth/SC002_Sign Up/input_password_password'

2022-07-16 22:18:38 - [TEST_STEP][PASSED] - click(findTestObject("02_Web/02_Auth/SC002_Sign Up/button_Daftar")): Object: 'Object Repository/02_Web/02_Auth/SC002_Sign Up/button_Daftar' is clicked on

2022-07-16 22:18:38 - [MESSAGE][PASSED] - Object: 'Object Repository/02_Web/02_Auth/SC002_Sign Up/button_Daftar' is clicked on

2022-07-16 22:18:38 - [TEST_STEP][PASSED] - if (findTestData("signup_web").getValue(2, i) == "negative" && findTestData("signup_web").getValue(4, i) == ""): null

2022-07-16 22:18:39 - [TEST_STEP][PASSED] - else if (i == 8 || i == 9): null

2022-07-16 22:18:39 - [TEST_STEP][PASSED] - else: Object 'Object Repository/02_Web/02_Auth/SC002_Sign Up/password_doesnt_match_require' is present

2022-07-16 22:18:39 - [TEST_STEP][PASSED] - verifyElementPresent(findTestObject("02_Web/02_Auth/SC002_Sign Up/password_doesnt_match_require"), 0): Object 'Object Repository/02_Web/02_Auth/SC002_Sign Up/password_doesnt_match_require' is present

2022-07-16 22:18:39 - [MESSAGE][WARNING] - Timeout '0' is invalid. Using default page load timeout: '30'

2022-07-16 22:18:39 - [MESSAGE][PASSED] - Object 'Object Repository/02_Web/02_Auth/SC002_Sign Up/password_doesnt_match_require' is present

2022-07-16 22:18:39 - [TEST_STEP][PASSED] - setText(findTestObject("02_Web/02_Auth/SC002_Sign Up/input_fullname_fullname"), findTestData("signup_web").getValue(3, i)): Text 'Archie' is set on object 'Object Repository/02_Web/02_Auth/SC002_Sign Up/input_fullname_fullname'

2022-07-16 22:18:40 - [MESSAGE][PASSED] - Text 'Archie' is set on object 'Object Repository/02_Web/02_Auth/SC002_Sign Up/input_fullname_fullname'

2022-07-16 22:18:40 - [TEST_STEP][PASSED] - setText(findTestObject("02_Web/02_Auth/SC002_Sign Up/input_email_email"), findTestData("signup_web").getValue(4, i)): Text 'iniarch@gmail.com' is set on object 'Object Repository/02_Web/02_Auth/SC002_Sign Up/input_email_email'

2022-07-16 22:18:41 - [MESSAGE][PASSED] - Text 'iniarch@gmail.com' is set on object 'Object Repository/02_Web/02_Auth/SC002_Sign Up/input_email_email'

2022-07-16 22:18:41 - [TEST_STEP][PASSED] - setText(findTestObject("02_Web/02_Auth/SC002_Sign Up/input_password_password"), findTestData("signup_web").getValue(5, i)): Text 'archen123!' is set on object 'Object Repository/02_Web/02_Auth/SC002_Sign Up/input_password_password'

2022-07-16 22:18:41 - [MESSAGE][PASSED] - Text 'archen123!' is set on object 'Object Repository/02_Web/02_Auth/SC002_Sign Up/input_password_password'

2022-07-16 22:18:41 - [TEST_STEP][PASSED] - click(findTestObject("02_Web/02_Auth/SC002_Sign Up/button_Daftar")): Object: 'Object Repository/02_Web/02_Auth/SC002_Sign Up/button_Daftar' is clicked on

2022-07-16 22:18:42 - [MESSAGE][PASSED] - Object: 'Object Repository/02_Web/02_Auth/SC002_Sign Up/button_Daftar' is clicked on

2022-07-16 22:18:42 - [TEST_STEP][PASSED] - if (findTestData("signup_web").getValue(2, i) == "negative" && findTestData("signup_web").getValue(4, i) == ""): null

2022-07-16 22:18:42 - [TEST_STEP][PASSED] - else if (i == 8 || i == 9): null

2022-07-16 22:18:42 - [TEST_STEP][PASSED] - else: Object 'Object Repository/02_Web/02_Auth/SC002_Sign Up/password_doesnt_match_require' is present

2022-07-16 22:18:42 - [TEST_STEP][PASSED] - verifyElementPresent(findTestObject("02_Web/02_Auth/SC002_Sign Up/password_doesnt_match_require"), 0): Object 'Object Repository/02_Web/02_Auth/SC002_Sign Up/password_doesnt_match_require' is present

2022-07-16 22:18:42 - [MESSAGE][WARNING] - Timeout '0' is invalid. Using default page load timeout: '30'

2022-07-16 22:18:42 - [MESSAGE][PASSED] - Object 'Object Repository/02_Web/02_Auth/SC002_Sign Up/password_doesnt_match_require' is present

2022-07-16 22:18:42 - [TEST_STEP][PASSED] - setText(findTestObject("02_Web/02_Auth/SC002_Sign Up/input_fullname_fullname"), findTestData("signup_web").getValue(3, i)): Text 'Archie' is set on object 'Object Repository/02_Web/02_Auth/SC002_Sign Up/input_fullname_fullname'

2022-07-16 22:18:43 - [MESSAGE][PASSED] - Text 'Archie' is set on object 'Object Repository/02_Web/02_Auth/SC002_Sign Up/input_fullname_fullname'

2022-07-16 22:18:43 - [TEST_STEP][PASSED] - setText(findTestObject("02_Web/02_Auth/SC002_Sign Up/input_email_email"), findTestData("signup_web").getValue(4, i)): Text 'iniarch@gmail.com' is set on object 'Object Repository/02_Web/02_Auth/SC002_Sign Up/input_email_email'

2022-07-16 22:18:44 - [MESSAGE][PASSED] - Text 'iniarch@gmail.com' is set on object 'Object Repository/02_Web/02_Auth/SC002_Sign Up/input_email_email'

2022-07-16 22:18:44 - [TEST_STEP][PASSED] - setText(findTestObject("02_Web/02_Auth/SC002_Sign Up/input_password_password"), findTestData("signup_web").getValue(5, i)): Text 'archen123' is set on object 'Object Repository/02_Web/02_Auth/SC002_Sign Up/input_password_password'

2022-07-16 22:18:44 - [MESSAGE][PASSED] - Text 'archen123' is set on object 'Object Repository/02_Web/02_Auth/SC002_Sign Up/input_password_password'

2022-07-16 22:18:44 - [TEST_STEP][PASSED] - click(findTestObject("02_Web/02_Auth/SC002_Sign Up/button_Daftar")): Object: 'Object Repository/02_Web/02_Auth/SC002_Sign Up/button_Daftar' is clicked on

2022-07-16 22:18:45 - [MESSAGE][PASSED] - Object: 'Object Repository/02_Web/02_Auth/SC002_Sign Up/button_Daftar' is clicked on

2022-07-16 22:18:45 - [TEST_STEP][PASSED] - if (findTestData("signup_web").getValue(2, i) == "negative" && findTestData("signup_web").getValue(4, i) == ""): null

2022-07-16 22:18:45 - [TEST_STEP][PASSED] - else if (i == 8 || i == 9): null

2022-07-16 22:18:45 - [TEST_STEP][PASSED] - else: Object 'Object Repository/02_Web/02_Auth/SC002_Sign Up/password_doesnt_match_require' is present

2022-07-16 22:18:45 - [TEST_STEP][PASSED] - verifyElementPresent(findTestObject("02_Web/02_Auth/SC002_Sign Up/password_doesnt_match_require"), 0): Object 'Object Repository/02_Web/02_Auth/SC002_Sign Up/password_doesnt_match_require' is present

2022-07-16 22:18:45 - [MESSAGE][WARNING] - Timeout '0' is invalid. Using default page load timeout: '30'

2022-07-16 22:18:45 - [MESSAGE][PASSED] - Object 'Object Repository/02_Web/02_Auth/SC002_Sign Up/password_doesnt_match_require' is present

2022-07-16 22:18:45 - [TEST_STEP][PASSED] - setText(findTestObject("02_Web/02_Auth/SC002_Sign Up/input_fullname_fullname"), findTestData("signup_web").getValue(3, i)): Text 'Archie' is set on object 'Object Repository/02_Web/02_Auth/SC002_Sign Up/input_fullname_fullname'

2022-07-16 22:18:46 - [MESSAGE][PASSED] - Text 'Archie' is set on object 'Object Repository/02_Web/02_Auth/SC002_Sign Up/input_fullname_fullname'

2022-07-16 22:18:46 - [TEST_STEP][PASSED] - setText(findTestObject("02_Web/02_Auth/SC002_Sign Up/input_email_email"), findTestData("signup_web").getValue(4, i)): Text 'iniarch@gmail.com' is set on object 'Object Repository/02_Web/02_Auth/SC002_Sign Up/input_email_email'

2022-07-16 22:18:47 - [MESSAGE][PASSED] - Text 'iniarch@gmail.com' is set on object 'Object Repository/02_Web/02_Auth/SC002_Sign Up/input_email_email'

2022-07-16 22:18:47 - [TEST_STEP][PASSED] - setText(findTestObject("02_Web/02_Auth/SC002_Sign Up/input_password_password"), findTestData("signup_web").getValue(5, i)): Text 'archens!' is set on object 'Object Repository/02_Web/02_Auth/SC002_Sign Up/input_password_password'

2022-07-16 22:18:48 - [MESSAGE][PASSED] - Text 'archens!' is set on object 'Object Repository/02_Web/02_Auth/SC002_Sign Up/input_password_password'

2022-07-16 22:18:48 - [TEST_STEP][PASSED] - click(findTestObject("02_Web/02_Auth/SC002_Sign Up/button_Daftar")): Object: 'Object Repository/02_Web/02_Auth/SC002_Sign Up/button_Daftar' is clicked on

2022-07-16 22:18:48 - [MESSAGE][PASSED] - Object: 'Object Repository/02_Web/02_Auth/SC002_Sign Up/button_Daftar' is clicked on

2022-07-16 22:18:48 - [TEST_STEP][PASSED] - if (findTestData("signup_web").getValue(2, i) == "negative" && findTestData("signup_web").getValue(4, i) == ""): null

2022-07-16 22:18:48 - [TEST_STEP][PASSED] - else if (i == 8 || i == 9): null

2022-07-16 22:18:48 - [TEST_STEP][PASSED] - else: Object 'Object Repository/02_Web/02_Auth/SC002_Sign Up/password_doesnt_match_require' is present

2022-07-16 22:18:48 - [TEST_STEP][PASSED] - verifyElementPresent(findTestObject("02_Web/02_Auth/SC002_Sign Up/password_doesnt_match_require"), 0): Object 'Object Repository/02_Web/02_Auth/SC002_Sign Up/password_doesnt_match_require' is present

2022-07-16 22:18:48 - [MESSAGE][WARNING] - Timeout '0' is invalid. Using default page load timeout: '30'

2022-07-16 22:18:48 - [MESSAGE][PASSED] - Object 'Object Repository/02_Web/02_Auth/SC002_Sign Up/password_doesnt_match_require' is present

2022-07-16 22:18:48 - [TEST_STEP][PASSED] - setText(findTestObject("02_Web/02_Auth/SC002_Sign Up/input_fullname_fullname"), findTestData("signup_web").getValue(3, i)): Text 'Archie' is set on object 'Object Repository/02_Web/02_Auth/SC002_Sign Up/input_fullname_fullname'

2022-07-16 22:18:49 - [MESSAGE][PASSED] - Text 'Archie' is set on object 'Object Repository/02_Web/02_Auth/SC002_Sign Up/input_fullname_fullname'

2022-07-16 22:18:49 - [TEST_STEP][PASSED] - setText(findTestObject("02_Web/02_Auth/SC002_Sign Up/input_email_email"), findTestData("signup_web").getValue(4, i)): Text 'archen@gmail.com' is set on object 'Object Repository/02_Web/02_Auth/SC002_Sign Up/input_email_email'

2022-07-16 22:18:50 - [MESSAGE][PASSED] - Text 'archen@gmail.com' is set on object 'Object Repository/02_Web/02_Auth/SC002_Sign Up/input_email_email'

2022-07-16 22:18:50 - [TEST_STEP][PASSED] - setText(findTestObject("02_Web/02_Auth/SC002_Sign Up/input_password_password"), findTestData("signup_web").getValue(5, i)): Text 'Archen123!' is set on object 'Object Repository/02_Web/02_Auth/SC002_Sign Up/input_password_password'

2022-07-16 22:18:51 - [MESSAGE][PASSED] - Text 'Archen123!' is set on object 'Object Repository/02_Web/02_Auth/SC002_Sign Up/input_password_password'

2022-07-16 22:18:51 - [TEST_STEP][PASSED] - click(findTestObject("02_Web/02_Auth/SC002_Sign Up/button_Daftar")): Object: 'Object Repository/02_Web/02_Auth/SC002_Sign Up/button_Daftar' is clicked on

2022-07-16 22:18:51 - [MESSAGE][PASSED] - Object: 'Object Repository/02_Web/02_Auth/SC002_Sign Up/button_Daftar' is clicked on

2022-07-16 22:18:51 - [TEST_STEP][PASSED] - if (findTestData("signup_web").getValue(2, i) == "negative" && findTestData("signup_web").getValue(4, i) == ""): null

2022-07-16 22:18:51 - [TEST_STEP][PASSED] - else if (i == 8 || i == 9): Object: 'Object Repository/02_Web/02_Auth/SC002_Sign Up/btn_popup_message' is clicked on

2022-07-16 22:18:51 - [TEST_STEP][PASSED] - verifyElementText(findTestObject("02_Web/02_Auth/SC002_Sign Up/register_message"), findTestData("signup_web").getValue(6, i), CONTINUE_ON_FAILURE): Actual text and expected text of test object 'Object Repository/02_Web/02_Auth/SC002_Sign Up/register_message' are matched.

2022-07-16 22:18:53 - [MESSAGE][PASSED] - Actual text and expected text of test object 'Object Repository/02_Web/02_Auth/SC002_Sign Up/register_message' are matched.

2022-07-16 22:18:53 - [TEST_STEP][PASSED] - click(findTestObject("02_Web/02_Auth/SC002_Sign Up/btn_popup_message")): Object: 'Object Repository/02_Web/02_Auth/SC002_Sign Up/btn_popup_message' is clicked on

2022-07-16 22:18:53 - [MESSAGE][PASSED] - Object: 'Object Repository/02_Web/02_Auth/SC002_Sign Up/btn_popup_message' is clicked on

2022-07-16 22:18:53 - [TEST_STEP][PASSED] - setText(findTestObject("02_Web/02_Auth/SC002_Sign Up/input_fullname_fullname"), findTestData("signup_web").getValue(3, i)): Text 'Archie' is set on object 'Object Repository/02_Web/02_Auth/SC002_Sign Up/input_fullname_fullname'

2022-07-16 22:18:54 - [MESSAGE][PASSED] - Text 'Archie' is set on object 'Object Repository/02_Web/02_Auth/SC002_Sign Up/input_fullname_fullname'

2022-07-16 22:18:54 - [TEST_STEP][PASSED] - setText(findTestObject("02_Web/02_Auth/SC002_Sign Up/input_email_email"), findTestData("signup_web").getValue(4, i)): Text 'archens2@gmail.com' is set on object 'Object Repository/02_Web/02_Auth/SC002_Sign Up/input_email_email'

2022-07-16 22:18:55 - [MESSAGE][PASSED] - Text 'archens2@gmail.com' is set on object 'Object Repository/02_Web/02_Auth/SC002_Sign Up/input_email_email'

2022-07-16 22:18:55 - [TEST_STEP][PASSED] - setText(findTestObject("02_Web/02_Auth/SC002_Sign Up/input_password_password"), findTestData("signup_web").getValue(5, i)): Text 'Salsa123!' is set on object 'Object Repository/02_Web/02_Auth/SC002_Sign Up/input_password_password'

2022-07-16 22:18:56 - [MESSAGE][PASSED] - Text 'Salsa123!' is set on object 'Object Repository/02_Web/02_Auth/SC002_Sign Up/input_password_password'

2022-07-16 22:18:56 - [TEST_STEP][PASSED] - click(findTestObject("02_Web/02_Auth/SC002_Sign Up/button_Daftar")): Object: 'Object Repository/02_Web/02_Auth/SC002_Sign Up/button_Daftar' is clicked on

2022-07-16 22:18:56 - [MESSAGE][PASSED] - Object: 'Object Repository/02_Web/02_Auth/SC002_Sign Up/button_Daftar' is clicked on

2022-07-16 22:18:56 - [TEST_STEP][PASSED] - if (findTestData("signup_web").getValue(2, i) == "negative" && findTestData("signup_web").getValue(4, i) == ""): null

2022-07-16 22:18:56 - [TEST_STEP][PASSED] - else if (i == 8 || i == 9): Object: 'Object Repository/02_Web/02_Auth/SC002_Sign Up/btn_popup_message' is clicked on

2022-07-16 22:18:56 - [TEST_STEP][PASSED] - verifyElementText(findTestObject("02_Web/02_Auth/SC002_Sign Up/register_message"), findTestData("signup_web").getValue(6, i), CONTINUE_ON_FAILURE): Actual text and expected text of test object 'Object Repository/02_Web/02_Auth/SC002_Sign Up/register_message' are matched.

2022-07-16 22:19:27 - [MESSAGE][INFO] - Unable to find the element located by 'By.xpath: //*[@class = 'swal2-popup swal2-modal swal2-icon-error swal2-show']'. Please recheck the objects properties to make sure the desired element is located. 

2022-07-16 22:19:27 - [MESSAGE][WARNING] - [SELF-HEALING] Failed to find element with id 'Object Repository/02_Web/02_Auth/SC002_Sign Up/register_message'. Try using Self-healing.

2022-07-16 22:19:28 - [MESSAGE][WARNING] - [SELF-HEALING] The current locator of test object 'Object Repository/02_Web/02_Auth/SC002_Sign Up/register_message' was broken. Propose an alternative one: '/html/body/div[2]/div'.

2022-07-16 22:19:28 - [MESSAGE][PASSED] - Actual text and expected text of test object 'Object Repository/02_Web/02_Auth/SC002_Sign Up/register_message' are matched.

2022-07-16 22:19:28 - [TEST_STEP][PASSED] - click(findTestObject("02_Web/02_Auth/SC002_Sign Up/btn_popup_message")): Object: 'Object Repository/02_Web/02_Auth/SC002_Sign Up/btn_popup_message' is clicked on

2022-07-16 22:19:28 - [MESSAGE][PASSED] - Object: 'Object Repository/02_Web/02_Auth/SC002_Sign Up/btn_popup_message' is clicked on

2022-07-16 22:19:28 - [TEST_STEP][PASSED] - closeBrowser(): Browser is closed

2022-07-16 22:19:29 - [MESSAGE][PASSED] - Browser is closed]]></system-out>
         <system-err><![CDATA[]]></system-err>
      </testcase>
      <testcase name="Test Cases/02_Web/02_Auth/SC003_Sign In/Sign In" time="34.354" classname="Test Cases/02_Web/02_Auth/SC003_Sign In/Sign In" status="PASSED">
         <system-out><![CDATA[2022-07-16 22:19:29 - [TEST_CASE][PASSED] - Test Cases/02_Web/02_Auth/SC003_Sign In/Sign In: Test Cases/02_Web/02_Auth/SC003_Sign In/Sign In

2022-07-16 22:19:29 - [TEST_STEP][PASSED] - openBrowser(url_website): Browser is opened with url: 'https://capstone-study-space.netlify.app/'

2022-07-16 22:19:29 - [MESSAGE][INFO] - Starting 'Chrome' driver

2022-07-16 22:19:29 - [MESSAGE][INFO] - Action delay is set to 0 milliseconds

2022-07-16 22:19:33 - [MESSAGE][PASSED] - Browser is opened with url: 'https://capstone-study-space.netlify.app/'

2022-07-16 22:19:33 - [TEST_STEP][PASSED] - maximizeWindow(STOP_ON_FAILURE): Current window maximized

2022-07-16 22:19:33 - [MESSAGE][PASSED] - Current window maximized

2022-07-16 22:19:33 - [TEST_STEP][PASSED] - click(findTestObject("02_Web/02_Auth/SC003_Sign In/button_Login")): Object: 'Object Repository/02_Web/02_Auth/SC003_Sign In/button_Login' is clicked on

2022-07-16 22:19:34 - [MESSAGE][PASSED] - Object: 'Object Repository/02_Web/02_Auth/SC003_Sign In/button_Login' is clicked on

2022-07-16 22:19:34 - [TEST_STEP][PASSED] - for ([i = 1, i <= 5, (i++)]): Object 'Object Repository/02_Web/02_Auth/SC003_Sign In/button_profile icon' is present

2022-07-16 22:19:34 - [TEST_STEP][PASSED] - setText(findTestObject("02_Web/02_Auth/SC003_Sign In/input_email_email"), findTestData("signin_web").getValue(3, i)): Text '' is set on object 'Object Repository/02_Web/02_Auth/SC003_Sign In/input_email_email'

2022-07-16 22:19:35 - [MESSAGE][PASSED] - Text '' is set on object 'Object Repository/02_Web/02_Auth/SC003_Sign In/input_email_email'

2022-07-16 22:19:35 - [TEST_STEP][PASSED] - setText(findTestObject("02_Web/02_Auth/SC003_Sign In/input_password_password"), findTestData("signin_web").getValue(4, i)): Text '' is set on object 'Object Repository/02_Web/02_Auth/SC003_Sign In/input_password_password'

2022-07-16 22:19:35 - [MESSAGE][PASSED] - Text '' is set on object 'Object Repository/02_Web/02_Auth/SC003_Sign In/input_password_password'

2022-07-16 22:19:35 - [TEST_STEP][PASSED] - click(findTestObject("02_Web/02_Auth/SC003_Sign In/button_Login_submit")): Object: 'Object Repository/02_Web/02_Auth/SC003_Sign In/button_Login_submit' is clicked on

2022-07-16 22:19:36 - [MESSAGE][PASSED] - Object: 'Object Repository/02_Web/02_Auth/SC003_Sign In/button_Login_submit' is clicked on

2022-07-16 22:19:36 - [TEST_STEP][PASSED] - if (findTestData("signin_web").getValue(2, i) == "negative" && findTestData("signin_web").getValue(3, i) != "" && findTestData("signin_web").getValue(5, i) == ""): null

2022-07-16 22:19:36 - [TEST_STEP][PASSED] - else if (findTestData("signin_web").getValue(2, i) == "negative" && findTestData("signin_web").getValue(3, i) == ""): Object 'Object Repository/02_Web/02_Auth/SC003_Sign In/button_Login_submit' is present

2022-07-16 22:19:36 - [TEST_STEP][PASSED] - verifyElementPresent(findTestObject("02_Web/02_Auth/SC003_Sign In/button_Login_submit"), 0): Object 'Object Repository/02_Web/02_Auth/SC003_Sign In/button_Login_submit' is present

2022-07-16 22:19:37 - [MESSAGE][WARNING] - Timeout '0' is invalid. Using default page load timeout: '30'

2022-07-16 22:19:37 - [MESSAGE][PASSED] - Object 'Object Repository/02_Web/02_Auth/SC003_Sign In/button_Login_submit' is present

2022-07-16 22:19:37 - [TEST_STEP][PASSED] - setText(findTestObject("02_Web/02_Auth/SC003_Sign In/input_email_email"), findTestData("signin_web").getValue(3, i)): Text 'archenie@gmail.com' is set on object 'Object Repository/02_Web/02_Auth/SC003_Sign In/input_email_email'

2022-07-16 22:19:38 - [MESSAGE][PASSED] - Text 'archenie@gmail.com' is set on object 'Object Repository/02_Web/02_Auth/SC003_Sign In/input_email_email'

2022-07-16 22:19:38 - [TEST_STEP][PASSED] - setText(findTestObject("02_Web/02_Auth/SC003_Sign In/input_password_password"), findTestData("signin_web").getValue(4, i)): Text 'Archen123!' is set on object 'Object Repository/02_Web/02_Auth/SC003_Sign In/input_password_password'

2022-07-16 22:19:42 - [MESSAGE][PASSED] - Text 'Archen123!' is set on object 'Object Repository/02_Web/02_Auth/SC003_Sign In/input_password_password'

2022-07-16 22:19:42 - [TEST_STEP][PASSED] - click(findTestObject("02_Web/02_Auth/SC003_Sign In/button_Login_submit")): Object: 'Object Repository/02_Web/02_Auth/SC003_Sign In/button_Login_submit' is clicked on

2022-07-16 22:19:42 - [MESSAGE][PASSED] - Object: 'Object Repository/02_Web/02_Auth/SC003_Sign In/button_Login_submit' is clicked on

2022-07-16 22:19:42 - [TEST_STEP][PASSED] - if (findTestData("signin_web").getValue(2, i) == "negative" && findTestData("signin_web").getValue(3, i) != "" && findTestData("signin_web").getValue(5, i) == ""): Object: 'Object Repository/02_Web/02_Auth/SC003_Sign In/close_failed_msg' is clicked on

2022-07-16 22:19:42 - [TEST_STEP][PASSED] - verifyElementPresent(findTestObject("02_Web/02_Auth/SC003_Sign In/failed_login"), 0): Object 'Object Repository/02_Web/02_Auth/SC003_Sign In/failed_login' is present

2022-07-16 22:19:42 - [MESSAGE][WARNING] - Timeout '0' is invalid. Using default page load timeout: '30'

2022-07-16 22:19:43 - [MESSAGE][PASSED] - Object 'Object Repository/02_Web/02_Auth/SC003_Sign In/failed_login' is present

2022-07-16 22:19:43 - [TEST_STEP][PASSED] - click(findTestObject("02_Web/02_Auth/SC003_Sign In/close_failed_msg")): Object: 'Object Repository/02_Web/02_Auth/SC003_Sign In/close_failed_msg' is clicked on

2022-07-16 22:19:44 - [MESSAGE][PASSED] - Object: 'Object Repository/02_Web/02_Auth/SC003_Sign In/close_failed_msg' is clicked on

2022-07-16 22:19:44 - [TEST_STEP][PASSED] - setText(findTestObject("02_Web/02_Auth/SC003_Sign In/input_email_email"), findTestData("signin_web").getValue(3, i)): Text 'arch-gmail' is set on object 'Object Repository/02_Web/02_Auth/SC003_Sign In/input_email_email'

2022-07-16 22:19:45 - [MESSAGE][PASSED] - Text 'arch-gmail' is set on object 'Object Repository/02_Web/02_Auth/SC003_Sign In/input_email_email'

2022-07-16 22:19:45 - [TEST_STEP][PASSED] - setText(findTestObject("02_Web/02_Auth/SC003_Sign In/input_password_password"), findTestData("signin_web").getValue(4, i)): Text 'Archen123!' is set on object 'Object Repository/02_Web/02_Auth/SC003_Sign In/input_password_password'

2022-07-16 22:19:46 - [MESSAGE][PASSED] - Text 'Archen123!' is set on object 'Object Repository/02_Web/02_Auth/SC003_Sign In/input_password_password'

2022-07-16 22:19:46 - [TEST_STEP][PASSED] - click(findTestObject("02_Web/02_Auth/SC003_Sign In/button_Login_submit")): Object: 'Object Repository/02_Web/02_Auth/SC003_Sign In/button_Login_submit' is clicked on

2022-07-16 22:19:46 - [MESSAGE][PASSED] - Object: 'Object Repository/02_Web/02_Auth/SC003_Sign In/button_Login_submit' is clicked on

2022-07-16 22:19:46 - [TEST_STEP][PASSED] - if (findTestData("signin_web").getValue(2, i) == "negative" && findTestData("signin_web").getValue(3, i) != "" && findTestData("signin_web").getValue(5, i) == ""): null

2022-07-16 22:19:46 - [TEST_STEP][PASSED] - else if (findTestData("signin_web").getValue(2, i) == "negative" && findTestData("signin_web").getValue(3, i) == ""): null

2022-07-16 22:19:46 - [TEST_STEP][PASSED] - else if (findTestData("signin_web").getValue(2, i) == "negative" && findTestData("signin_web").getValue(5, i) != ""): Object 'Object Repository/02_Web/02_Auth/SC003_Sign In/email_doesnt_match' is present

2022-07-16 22:19:46 - [TEST_STEP][PASSED] - verifyElementPresent(findTestObject(findTestData("signin_web").getValue(5, i)), 0): Object 'Object Repository/02_Web/02_Auth/SC003_Sign In/email_doesnt_match' is present

2022-07-16 22:19:47 - [MESSAGE][WARNING] - Timeout '0' is invalid. Using default page load timeout: '30'

2022-07-16 22:19:47 - [MESSAGE][PASSED] - Object 'Object Repository/02_Web/02_Auth/SC003_Sign In/email_doesnt_match' is present

2022-07-16 22:19:47 - [TEST_STEP][PASSED] - setText(findTestObject("02_Web/02_Auth/SC003_Sign In/input_email_email"), findTestData("signin_web").getValue(3, i)): Text 'archen@gmail.com' is set on object 'Object Repository/02_Web/02_Auth/SC003_Sign In/input_email_email'

2022-07-16 22:19:48 - [MESSAGE][PASSED] - Text 'archen@gmail.com' is set on object 'Object Repository/02_Web/02_Auth/SC003_Sign In/input_email_email'

2022-07-16 22:19:48 - [TEST_STEP][PASSED] - setText(findTestObject("02_Web/02_Auth/SC003_Sign In/input_password_password"), findTestData("signin_web").getValue(4, i)): Text 'Archen321!' is set on object 'Object Repository/02_Web/02_Auth/SC003_Sign In/input_password_password'

2022-07-16 22:19:49 - [MESSAGE][PASSED] - Text 'Archen321!' is set on object 'Object Repository/02_Web/02_Auth/SC003_Sign In/input_password_password'

2022-07-16 22:19:49 - [TEST_STEP][PASSED] - click(findTestObject("02_Web/02_Auth/SC003_Sign In/button_Login_submit")): Object: 'Object Repository/02_Web/02_Auth/SC003_Sign In/button_Login_submit' is clicked on

2022-07-16 22:19:49 - [MESSAGE][PASSED] - Object: 'Object Repository/02_Web/02_Auth/SC003_Sign In/button_Login_submit' is clicked on

2022-07-16 22:19:49 - [TEST_STEP][PASSED] - if (findTestData("signin_web").getValue(2, i) == "negative" && findTestData("signin_web").getValue(3, i) != "" && findTestData("signin_web").getValue(5, i) == ""): Object: 'Object Repository/02_Web/02_Auth/SC003_Sign In/close_failed_msg' is clicked on

2022-07-16 22:19:49 - [TEST_STEP][PASSED] - verifyElementPresent(findTestObject("02_Web/02_Auth/SC003_Sign In/failed_login"), 0): Object 'Object Repository/02_Web/02_Auth/SC003_Sign In/failed_login' is present

2022-07-16 22:19:49 - [MESSAGE][WARNING] - Timeout '0' is invalid. Using default page load timeout: '30'

2022-07-16 22:19:51 - [MESSAGE][PASSED] - Object 'Object Repository/02_Web/02_Auth/SC003_Sign In/failed_login' is present

2022-07-16 22:19:51 - [TEST_STEP][PASSED] - click(findTestObject("02_Web/02_Auth/SC003_Sign In/close_failed_msg")): Object: 'Object Repository/02_Web/02_Auth/SC003_Sign In/close_failed_msg' is clicked on

2022-07-16 22:19:52 - [MESSAGE][PASSED] - Object: 'Object Repository/02_Web/02_Auth/SC003_Sign In/close_failed_msg' is clicked on

2022-07-16 22:19:52 - [TEST_STEP][PASSED] - setText(findTestObject("02_Web/02_Auth/SC003_Sign In/input_email_email"), findTestData("signin_web").getValue(3, i)): Text 'sal@gmail.com' is set on object 'Object Repository/02_Web/02_Auth/SC003_Sign In/input_email_email'

2022-07-16 22:19:54 - [MESSAGE][PASSED] - Text 'sal@gmail.com' is set on object 'Object Repository/02_Web/02_Auth/SC003_Sign In/input_email_email'

2022-07-16 22:19:54 - [TEST_STEP][PASSED] - setText(findTestObject("02_Web/02_Auth/SC003_Sign In/input_password_password"), findTestData("signin_web").getValue(4, i)): Text 'Salsa123!' is set on object 'Object Repository/02_Web/02_Auth/SC003_Sign In/input_password_password'

2022-07-16 22:19:55 - [MESSAGE][PASSED] - Text 'Salsa123!' is set on object 'Object Repository/02_Web/02_Auth/SC003_Sign In/input_password_password'

2022-07-16 22:19:55 - [TEST_STEP][PASSED] - click(findTestObject("02_Web/02_Auth/SC003_Sign In/button_Login_submit")): Object: 'Object Repository/02_Web/02_Auth/SC003_Sign In/button_Login_submit' is clicked on

2022-07-16 22:19:55 - [MESSAGE][PASSED] - Object: 'Object Repository/02_Web/02_Auth/SC003_Sign In/button_Login_submit' is clicked on

2022-07-16 22:19:55 - [TEST_STEP][PASSED] - if (findTestData("signin_web").getValue(2, i) == "negative" && findTestData("signin_web").getValue(3, i) != "" && findTestData("signin_web").getValue(5, i) == ""): null

2022-07-16 22:19:55 - [TEST_STEP][PASSED] - else if (findTestData("signin_web").getValue(2, i) == "negative" && findTestData("signin_web").getValue(3, i) == ""): null

2022-07-16 22:19:55 - [TEST_STEP][PASSED] - else if (findTestData("signin_web").getValue(2, i) == "negative" && findTestData("signin_web").getValue(5, i) != ""): null

2022-07-16 22:19:55 - [TEST_STEP][PASSED] - else: Object 'Object Repository/02_Web/02_Auth/SC003_Sign In/button_profile icon' is present

2022-07-16 22:19:55 - [TEST_STEP][PASSED] - verifyElementPresent(findTestObject("02_Web/02_Auth/SC003_Sign In/button_profile icon"), 0): Object 'Object Repository/02_Web/02_Auth/SC003_Sign In/button_profile icon' is present

2022-07-16 22:19:55 - [MESSAGE][WARNING] - Timeout '0' is invalid. Using default page load timeout: '30'

2022-07-16 22:20:02 - [MESSAGE][PASSED] - Object 'Object Repository/02_Web/02_Auth/SC003_Sign In/button_profile icon' is present

2022-07-16 22:20:02 - [TEST_STEP][PASSED] - closeBrowser(): Browser is closed

2022-07-16 22:20:03 - [MESSAGE][PASSED] - Browser is closed]]></system-out>
         <system-err><![CDATA[]]></system-err>
      </testcase>
      <testcase name="Test Cases/02_Web/02_Auth/SC004_Logout/TC001_Logout" time="22.431" classname="Test Cases/02_Web/02_Auth/SC004_Logout/TC001_Logout" status="PASSED">
         <system-out><![CDATA[2022-07-16 22:20:03 - [TEST_CASE][PASSED] - Test Cases/02_Web/02_Auth/SC004_Logout/TC001_Logout: Test Cases/02_Web/02_Auth/SC004_Logout/TC001_Logout

2022-07-16 22:20:04 - [TEST_STEP][PASSED] - callTestCase(findTestCase("02_Web/signin"), [:], STOP_ON_FAILURE): Call Test Case 'Test Cases/02_Web/signin' successfully

2022-07-16 22:20:04 - [TEST_CASE][PASSED] - Test Cases/02_Web/signin: Test Cases/02_Web/signin

2022-07-16 22:20:05 - [TEST_STEP][PASSED] - openBrowser(url_website, CONTINUE_ON_FAILURE): Browser is opened with url: 'https://capstone-study-space.netlify.app/'

2022-07-16 22:20:05 - [MESSAGE][INFO] - Starting 'Chrome' driver

2022-07-16 22:20:05 - [MESSAGE][INFO] - Action delay is set to 0 milliseconds

2022-07-16 22:20:12 - [MESSAGE][PASSED] - Browser is opened with url: 'https://capstone-study-space.netlify.app/'

2022-07-16 22:20:12 - [TEST_STEP][PASSED] - maximizeWindow(CONTINUE_ON_FAILURE): Current window maximized

2022-07-16 22:20:12 - [MESSAGE][PASSED] - Current window maximized

2022-07-16 22:20:12 - [TEST_STEP][PASSED] - click(findTestObject("02_Web/02_Auth/SC003_Sign In/button_Login"), CONTINUE_ON_FAILURE): Object: 'Object Repository/02_Web/02_Auth/SC003_Sign In/button_Login' is clicked on

2022-07-16 22:20:13 - [MESSAGE][PASSED] - Object: 'Object Repository/02_Web/02_Auth/SC003_Sign In/button_Login' is clicked on

2022-07-16 22:20:13 - [TEST_STEP][PASSED] - setText(findTestObject("02_Web/02_Auth/SC003_Sign In/input_email_email"), "archen@gmail.com", CONTINUE_ON_FAILURE): Text 'archen@gmail.com' is set on object 'Object Repository/02_Web/02_Auth/SC003_Sign In/input_email_email'

2022-07-16 22:20:14 - [MESSAGE][PASSED] - Text 'archen@gmail.com' is set on object 'Object Repository/02_Web/02_Auth/SC003_Sign In/input_email_email'

2022-07-16 22:20:14 - [TEST_STEP][PASSED] - setText(findTestObject("02_Web/02_Auth/SC003_Sign In/input_password_password"), "Archen123!", CONTINUE_ON_FAILURE): Text 'Archen123!' is set on object 'Object Repository/02_Web/02_Auth/SC003_Sign In/input_password_password'

2022-07-16 22:20:15 - [MESSAGE][PASSED] - Text 'Archen123!' is set on object 'Object Repository/02_Web/02_Auth/SC003_Sign In/input_password_password'

2022-07-16 22:20:15 - [TEST_STEP][PASSED] - click(findTestObject("02_Web/02_Auth/SC003_Sign In/button_Login_submit"), CONTINUE_ON_FAILURE): Object: 'Object Repository/02_Web/02_Auth/SC003_Sign In/button_Login_submit' is clicked on

2022-07-16 22:20:16 - [MESSAGE][PASSED] - Object: 'Object Repository/02_Web/02_Auth/SC003_Sign In/button_Login_submit' is clicked on

2022-07-16 22:20:16 - [MESSAGE][PASSED] - Call Test Case 'Test Cases/02_Web/signin' successfully

2022-07-16 22:20:16 - [TEST_STEP][PASSED] - click(findTestObject("02_Web/02_Auth/SC004_Logout/account")): Object: 'Object Repository/02_Web/02_Auth/SC004_Logout/account' is clicked on

2022-07-16 22:20:23 - [MESSAGE][PASSED] - Object: 'Object Repository/02_Web/02_Auth/SC004_Logout/account' is clicked on

2022-07-16 22:20:23 - [TEST_STEP][PASSED] - click(findTestObject("02_Web/02_Auth/SC004_Logout/button_logout")): Object: 'Object Repository/02_Web/02_Auth/SC004_Logout/button_logout' is clicked on

2022-07-16 22:20:24 - [MESSAGE][PASSED] - Object: 'Object Repository/02_Web/02_Auth/SC004_Logout/button_logout' is clicked on

2022-07-16 22:20:24 - [TEST_STEP][PASSED] - click(findTestObject("02_Web/02_Auth/SC004_Logout/button_oklogout")): Object: 'Object Repository/02_Web/02_Auth/SC004_Logout/button_oklogout' is clicked on

2022-07-16 22:20:25 - [MESSAGE][PASSED] - Object: 'Object Repository/02_Web/02_Auth/SC004_Logout/button_oklogout' is clicked on

2022-07-16 22:20:25 - [TEST_STEP][PASSED] - verifyElementPresent(findTestObject("02_Web/02_Auth/SC004_Logout/menu_login"), 0, CONTINUE_ON_FAILURE): Object 'Object Repository/02_Web/02_Auth/SC004_Logout/menu_login' is present

2022-07-16 22:20:25 - [MESSAGE][WARNING] - Timeout '0' is invalid. Using default page load timeout: '30'

2022-07-16 22:20:25 - [MESSAGE][PASSED] - Object 'Object Repository/02_Web/02_Auth/SC004_Logout/menu_login' is present

2022-07-16 22:20:25 - [TEST_STEP][PASSED] - closeBrowser(): Browser is closed

2022-07-16 22:20:26 - [MESSAGE][PASSED] - Browser is closed]]></system-out>
         <system-err><![CDATA[]]></system-err>
      </testcase>
      <testcase name="Test Cases/02_Web/03_Home/SC005_Create Class/Create Class" time="57.384" classname="Test Cases/02_Web/03_Home/SC005_Create Class/Create Class" status="PASSED">
         <system-out><![CDATA[2022-07-16 22:20:26 - [TEST_CASE][PASSED] - Test Cases/02_Web/03_Home/SC005_Create Class/Create Class: Test Cases/02_Web/03_Home/SC005_Create Class/Create Class

2022-07-16 22:20:27 - [TEST_STEP][PASSED] - callTestCase(findTestCase("02_Web/signin"), [:], STOP_ON_FAILURE): Call Test Case 'Test Cases/02_Web/signin' successfully

2022-07-16 22:20:27 - [TEST_CASE][PASSED] - Test Cases/02_Web/signin: Test Cases/02_Web/signin

2022-07-16 22:20:27 - [TEST_STEP][PASSED] - openBrowser(url_website, CONTINUE_ON_FAILURE): Browser is opened with url: 'https://capstone-study-space.netlify.app/'

2022-07-16 22:20:27 - [MESSAGE][INFO] - Starting 'Chrome' driver

2022-07-16 22:20:27 - [MESSAGE][INFO] - Action delay is set to 0 milliseconds

2022-07-16 22:20:31 - [MESSAGE][PASSED] - Browser is opened with url: 'https://capstone-study-space.netlify.app/'

2022-07-16 22:20:31 - [TEST_STEP][PASSED] - maximizeWindow(CONTINUE_ON_FAILURE): Current window maximized

2022-07-16 22:20:31 - [MESSAGE][PASSED] - Current window maximized

2022-07-16 22:20:31 - [TEST_STEP][PASSED] - click(findTestObject("02_Web/02_Auth/SC003_Sign In/button_Login"), CONTINUE_ON_FAILURE): Object: 'Object Repository/02_Web/02_Auth/SC003_Sign In/button_Login' is clicked on

2022-07-16 22:20:32 - [MESSAGE][PASSED] - Object: 'Object Repository/02_Web/02_Auth/SC003_Sign In/button_Login' is clicked on

2022-07-16 22:20:32 - [TEST_STEP][PASSED] - setText(findTestObject("02_Web/02_Auth/SC003_Sign In/input_email_email"), "archen@gmail.com", CONTINUE_ON_FAILURE): Text 'archen@gmail.com' is set on object 'Object Repository/02_Web/02_Auth/SC003_Sign In/input_email_email'

2022-07-16 22:20:33 - [MESSAGE][PASSED] - Text 'archen@gmail.com' is set on object 'Object Repository/02_Web/02_Auth/SC003_Sign In/input_email_email'

2022-07-16 22:20:33 - [TEST_STEP][PASSED] - setText(findTestObject("02_Web/02_Auth/SC003_Sign In/input_password_password"), "Archen123!", CONTINUE_ON_FAILURE): Text 'Archen123!' is set on object 'Object Repository/02_Web/02_Auth/SC003_Sign In/input_password_password'

2022-07-16 22:20:34 - [MESSAGE][PASSED] - Text 'Archen123!' is set on object 'Object Repository/02_Web/02_Auth/SC003_Sign In/input_password_password'

2022-07-16 22:20:34 - [TEST_STEP][PASSED] - click(findTestObject("02_Web/02_Auth/SC003_Sign In/button_Login_submit"), CONTINUE_ON_FAILURE): Object: 'Object Repository/02_Web/02_Auth/SC003_Sign In/button_Login_submit' is clicked on

2022-07-16 22:20:34 - [MESSAGE][PASSED] - Object: 'Object Repository/02_Web/02_Auth/SC003_Sign In/button_Login_submit' is clicked on

2022-07-16 22:20:34 - [MESSAGE][PASSED] - Call Test Case 'Test Cases/02_Web/signin' successfully

2022-07-16 22:20:34 - [TEST_STEP][PASSED] - click(findTestObject("02_Web/03_Home/SC005_Create Class/button_Create Class")): Object: 'Object Repository/02_Web/03_Home/SC005_Create Class/button_Create Class' is clicked on

2022-07-16 22:20:43 - [MESSAGE][PASSED] - Object: 'Object Repository/02_Web/03_Home/SC005_Create Class/button_Create Class' is clicked on

2022-07-16 22:20:43 - [TEST_STEP][PASSED] - for ([i = 1, i <= 3, (i++)]): Object 'Object Repository/02_Web/03_Home/SC005_Create Class/a_description' is present

2022-07-16 22:20:43 - [TEST_STEP][PASSED] - setText(findTestObject("02_Web/03_Home/SC005_Create Class/input_class"), findTestData("create_class").getValue(3, i)): Text '' is set on object 'Object Repository/02_Web/03_Home/SC005_Create Class/input_class'

2022-07-16 22:20:44 - [MESSAGE][PASSED] - Text '' is set on object 'Object Repository/02_Web/03_Home/SC005_Create Class/input_class'

2022-07-16 22:20:44 - [TEST_STEP][PASSED] - setText(findTestObject("02_Web/03_Home/SC005_Create Class/input_room"), findTestData("create_class").getValue(4, i)): Text '' is set on object 'Object Repository/02_Web/03_Home/SC005_Create Class/input_room'

2022-07-16 22:20:44 - [MESSAGE][PASSED] - Text '' is set on object 'Object Repository/02_Web/03_Home/SC005_Create Class/input_room'

2022-07-16 22:20:44 - [TEST_STEP][PASSED] - click(findTestObject("02_Web/03_Home/SC005_Create Class/button_Create")): Object: 'Object Repository/02_Web/03_Home/SC005_Create Class/button_Create' is clicked on

2022-07-16 22:20:45 - [MESSAGE][PASSED] - Object: 'Object Repository/02_Web/03_Home/SC005_Create Class/button_Create' is clicked on

2022-07-16 22:20:45 - [TEST_STEP][PASSED] - if (findTestData("create_class").getValue(2, i) == "negative"): Object 'Object Repository/02_Web/03_Home/SC005_Create Class/button_Create' is present

2022-07-16 22:20:45 - [TEST_STEP][PASSED] - verifyElementPresent(findTestObject("02_Web/03_Home/SC005_Create Class/button_Create"), 0): Object 'Object Repository/02_Web/03_Home/SC005_Create Class/button_Create' is present

2022-07-16 22:20:45 - [MESSAGE][WARNING] - Timeout '0' is invalid. Using default page load timeout: '30'

2022-07-16 22:20:45 - [MESSAGE][PASSED] - Object 'Object Repository/02_Web/03_Home/SC005_Create Class/button_Create' is present

2022-07-16 22:20:45 - [TEST_STEP][PASSED] - setText(findTestObject("02_Web/03_Home/SC005_Create Class/input_class"), findTestData("create_class").getValue(3, i)): Text 'Quality $ Engineer' is set on object 'Object Repository/02_Web/03_Home/SC005_Create Class/input_class'

2022-07-16 22:20:46 - [MESSAGE][PASSED] - Text 'Quality $ Engineer' is set on object 'Object Repository/02_Web/03_Home/SC005_Create Class/input_class'

2022-07-16 22:20:46 - [TEST_STEP][PASSED] - setText(findTestObject("02_Web/03_Home/SC005_Create Class/input_room"), findTestData("create_class").getValue(4, i)): Text 'Class * A' is set on object 'Object Repository/02_Web/03_Home/SC005_Create Class/input_room'

2022-07-16 22:20:47 - [MESSAGE][PASSED] - Text 'Class * A' is set on object 'Object Repository/02_Web/03_Home/SC005_Create Class/input_room'

2022-07-16 22:20:47 - [TEST_STEP][PASSED] - click(findTestObject("02_Web/03_Home/SC005_Create Class/button_Create")): Object: 'Object Repository/02_Web/03_Home/SC005_Create Class/button_Create' is clicked on

2022-07-16 22:20:48 - [MESSAGE][PASSED] - Object: 'Object Repository/02_Web/03_Home/SC005_Create Class/button_Create' is clicked on

2022-07-16 22:20:48 - [TEST_STEP][PASSED] - if (findTestData("create_class").getValue(2, i) == "negative"): Object 'Object Repository/02_Web/03_Home/SC005_Create Class/button_Create' is present

2022-07-16 22:20:48 - [TEST_STEP][PASSED] - verifyElementPresent(findTestObject("02_Web/03_Home/SC005_Create Class/button_Create"), 0): Object 'Object Repository/02_Web/03_Home/SC005_Create Class/button_Create' is present

2022-07-16 22:20:48 - [MESSAGE][WARNING] - Timeout '0' is invalid. Using default page load timeout: '30'

2022-07-16 22:20:48 - [MESSAGE][PASSED] - Object 'Object Repository/02_Web/03_Home/SC005_Create Class/button_Create' is present

2022-07-16 22:20:48 - [TEST_STEP][PASSED] - setText(findTestObject("02_Web/03_Home/SC005_Create Class/input_class"), findTestData("create_class").getValue(3, i)): Text 'Quality Engineer' is set on object 'Object Repository/02_Web/03_Home/SC005_Create Class/input_class'

2022-07-16 22:20:49 - [MESSAGE][PASSED] - Text 'Quality Engineer' is set on object 'Object Repository/02_Web/03_Home/SC005_Create Class/input_class'

2022-07-16 22:20:49 - [TEST_STEP][PASSED] - setText(findTestObject("02_Web/03_Home/SC005_Create Class/input_room"), findTestData("create_class").getValue(4, i)): Text 'QE A' is set on object 'Object Repository/02_Web/03_Home/SC005_Create Class/input_room'

2022-07-16 22:20:50 - [MESSAGE][PASSED] - Text 'QE A' is set on object 'Object Repository/02_Web/03_Home/SC005_Create Class/input_room'

2022-07-16 22:20:50 - [TEST_STEP][PASSED] - click(findTestObject("02_Web/03_Home/SC005_Create Class/button_Create")): Object: 'Object Repository/02_Web/03_Home/SC005_Create Class/button_Create' is clicked on

2022-07-16 22:20:50 - [MESSAGE][PASSED] - Object: 'Object Repository/02_Web/03_Home/SC005_Create Class/button_Create' is clicked on

2022-07-16 22:20:50 - [TEST_STEP][PASSED] - if (findTestData("create_class").getValue(2, i) == "negative"): null

2022-07-16 22:20:50 - [TEST_STEP][PASSED] - else: Object 'Object Repository/02_Web/03_Home/SC005_Create Class/a_description' is present

2022-07-16 22:20:50 - [TEST_STEP][PASSED] - verifyElementPresent(findTestObject("02_Web/03_Home/SC005_Create Class/a_description"), 0): Object 'Object Repository/02_Web/03_Home/SC005_Create Class/a_description' is present

2022-07-16 22:20:50 - [MESSAGE][WARNING] - Timeout '0' is invalid. Using default page load timeout: '30'

2022-07-16 22:21:22 - [MESSAGE][PASSED] - Object 'Object Repository/02_Web/03_Home/SC005_Create Class/a_description' is present

2022-07-16 22:21:22 - [TEST_STEP][PASSED] - closeBrowser(): Browser is closed

2022-07-16 22:21:23 - [MESSAGE][PASSED] - Browser is closed]]></system-out>
         <system-err><![CDATA[]]></system-err>
      </testcase>
      <testcase name="Test Cases/02_Web/03_Home/SC006_Join Class/Join Class" time="26.934" classname="Test Cases/02_Web/03_Home/SC006_Join Class/Join Class" status="PASSED">
         <system-out><![CDATA[2022-07-16 22:21:23 - [TEST_CASE][PASSED] - Test Cases/02_Web/03_Home/SC006_Join Class/Join Class: Test Cases/02_Web/03_Home/SC006_Join Class/Join Class

2022-07-16 22:21:24 - [TEST_STEP][PASSED] - callTestCase(findTestCase("02_Web/signin"), [:], STOP_ON_FAILURE): Call Test Case 'Test Cases/02_Web/signin' successfully

2022-07-16 22:21:24 - [TEST_CASE][PASSED] - Test Cases/02_Web/signin: Test Cases/02_Web/signin

2022-07-16 22:21:24 - [TEST_STEP][PASSED] - openBrowser(url_website, CONTINUE_ON_FAILURE): Browser is opened with url: 'https://capstone-study-space.netlify.app/'

2022-07-16 22:21:24 - [MESSAGE][INFO] - Starting 'Chrome' driver

2022-07-16 22:21:24 - [MESSAGE][INFO] - Action delay is set to 0 milliseconds

2022-07-16 22:21:28 - [MESSAGE][PASSED] - Browser is opened with url: 'https://capstone-study-space.netlify.app/'

2022-07-16 22:21:28 - [TEST_STEP][PASSED] - maximizeWindow(CONTINUE_ON_FAILURE): Current window maximized

2022-07-16 22:21:28 - [MESSAGE][PASSED] - Current window maximized

2022-07-16 22:21:28 - [TEST_STEP][PASSED] - click(findTestObject("02_Web/02_Auth/SC003_Sign In/button_Login"), CONTINUE_ON_FAILURE): Object: 'Object Repository/02_Web/02_Auth/SC003_Sign In/button_Login' is clicked on

2022-07-16 22:21:28 - [MESSAGE][PASSED] - Object: 'Object Repository/02_Web/02_Auth/SC003_Sign In/button_Login' is clicked on

2022-07-16 22:21:28 - [TEST_STEP][PASSED] - setText(findTestObject("02_Web/02_Auth/SC003_Sign In/input_email_email"), "archen@gmail.com", CONTINUE_ON_FAILURE): Text 'archen@gmail.com' is set on object 'Object Repository/02_Web/02_Auth/SC003_Sign In/input_email_email'

2022-07-16 22:21:29 - [MESSAGE][PASSED] - Text 'archen@gmail.com' is set on object 'Object Repository/02_Web/02_Auth/SC003_Sign In/input_email_email'

2022-07-16 22:21:29 - [TEST_STEP][PASSED] - setText(findTestObject("02_Web/02_Auth/SC003_Sign In/input_password_password"), "Archen123!", CONTINUE_ON_FAILURE): Text 'Archen123!' is set on object 'Object Repository/02_Web/02_Auth/SC003_Sign In/input_password_password'

2022-07-16 22:21:30 - [MESSAGE][PASSED] - Text 'Archen123!' is set on object 'Object Repository/02_Web/02_Auth/SC003_Sign In/input_password_password'

2022-07-16 22:21:30 - [TEST_STEP][PASSED] - click(findTestObject("02_Web/02_Auth/SC003_Sign In/button_Login_submit"), CONTINUE_ON_FAILURE): Object: 'Object Repository/02_Web/02_Auth/SC003_Sign In/button_Login_submit' is clicked on

2022-07-16 22:21:31 - [MESSAGE][PASSED] - Object: 'Object Repository/02_Web/02_Auth/SC003_Sign In/button_Login_submit' is clicked on

2022-07-16 22:21:31 - [MESSAGE][PASSED] - Call Test Case 'Test Cases/02_Web/signin' successfully

2022-07-16 22:21:31 - [TEST_STEP][PASSED] - click(findTestObject("02_Web/03_Home/SC006_Join Class/button_Join Class")): Object: 'Object Repository/02_Web/03_Home/SC006_Join Class/button_Join Class' is clicked on

2022-07-16 22:21:38 - [MESSAGE][PASSED] - Object: 'Object Repository/02_Web/03_Home/SC006_Join Class/button_Join Class' is clicked on

2022-07-16 22:21:38 - [TEST_STEP][PASSED] - for ([i = 1, i <= 3, (i++)]): Object 'Object Repository/02_Web/03_Home/SC006_Join Class/a_description' is present

2022-07-16 22:21:38 - [TEST_STEP][PASSED] - setText(findTestObject("02_Web/03_Home/SC006_Join Class/input_class code"), findTestData("join_class").getValue(3, i)): Text '' is set on object 'Object Repository/02_Web/03_Home/SC006_Join Class/input_class code'

2022-07-16 22:21:39 - [MESSAGE][PASSED] - Text '' is set on object 'Object Repository/02_Web/03_Home/SC006_Join Class/input_class code'

2022-07-16 22:21:39 - [TEST_STEP][PASSED] - click(findTestObject("02_Web/03_Home/SC006_Join Class/button_Join")): Object: 'Object Repository/02_Web/03_Home/SC006_Join Class/button_Join' is clicked on

2022-07-16 22:21:40 - [MESSAGE][PASSED] - Object: 'Object Repository/02_Web/03_Home/SC006_Join Class/button_Join' is clicked on

2022-07-16 22:21:40 - [TEST_STEP][PASSED] - if (findTestData("join_class").getValue(2, i) == "negative"): Object 'Object Repository/02_Web/03_Home/SC006_Join Class/button_Join' is present

2022-07-16 22:21:40 - [TEST_STEP][PASSED] - verifyElementPresent(findTestObject("02_Web/03_Home/SC006_Join Class/button_Join"), 0): Object 'Object Repository/02_Web/03_Home/SC006_Join Class/button_Join' is present

2022-07-16 22:21:40 - [MESSAGE][WARNING] - Timeout '0' is invalid. Using default page load timeout: '30'

2022-07-16 22:21:40 - [MESSAGE][PASSED] - Object 'Object Repository/02_Web/03_Home/SC006_Join Class/button_Join' is present

2022-07-16 22:21:40 - [TEST_STEP][PASSED] - setText(findTestObject("02_Web/03_Home/SC006_Join Class/input_class code"), findTestData("join_class").getValue(3, i)): Text 'abcdefh12' is set on object 'Object Repository/02_Web/03_Home/SC006_Join Class/input_class code'

2022-07-16 22:21:41 - [MESSAGE][PASSED] - Text 'abcdefh12' is set on object 'Object Repository/02_Web/03_Home/SC006_Join Class/input_class code'

2022-07-16 22:21:41 - [TEST_STEP][PASSED] - click(findTestObject("02_Web/03_Home/SC006_Join Class/button_Join")): Object: 'Object Repository/02_Web/03_Home/SC006_Join Class/button_Join' is clicked on

2022-07-16 22:21:41 - [MESSAGE][PASSED] - Object: 'Object Repository/02_Web/03_Home/SC006_Join Class/button_Join' is clicked on

2022-07-16 22:21:41 - [TEST_STEP][PASSED] - if (findTestData("join_class").getValue(2, i) == "negative"): Object 'Object Repository/02_Web/03_Home/SC006_Join Class/button_Join' is present

2022-07-16 22:21:41 - [TEST_STEP][PASSED] - verifyElementPresent(findTestObject("02_Web/03_Home/SC006_Join Class/button_Join"), 0): Object 'Object Repository/02_Web/03_Home/SC006_Join Class/button_Join' is present

2022-07-16 22:21:42 - [MESSAGE][WARNING] - Timeout '0' is invalid. Using default page load timeout: '30'

2022-07-16 22:21:42 - [MESSAGE][PASSED] - Object 'Object Repository/02_Web/03_Home/SC006_Join Class/button_Join' is present

2022-07-16 22:21:42 - [TEST_STEP][PASSED] - setText(findTestObject("02_Web/03_Home/SC006_Join Class/input_class code"), findTestData("join_class").getValue(3, i)): Text '0343c1af6a' is set on object 'Object Repository/02_Web/03_Home/SC006_Join Class/input_class code'

2022-07-16 22:21:43 - [MESSAGE][PASSED] - Text '0343c1af6a' is set on object 'Object Repository/02_Web/03_Home/SC006_Join Class/input_class code'

2022-07-16 22:21:43 - [TEST_STEP][PASSED] - click(findTestObject("02_Web/03_Home/SC006_Join Class/button_Join")): Object: 'Object Repository/02_Web/03_Home/SC006_Join Class/button_Join' is clicked on

2022-07-16 22:21:43 - [MESSAGE][PASSED] - Object: 'Object Repository/02_Web/03_Home/SC006_Join Class/button_Join' is clicked on

2022-07-16 22:21:43 - [TEST_STEP][PASSED] - if (findTestData("join_class").getValue(2, i) == "negative"): null

2022-07-16 22:21:43 - [TEST_STEP][PASSED] - else: Object 'Object Repository/02_Web/03_Home/SC006_Join Class/a_description' is present

2022-07-16 22:21:43 - [TEST_STEP][PASSED] - verifyElementPresent(findTestObject("02_Web/03_Home/SC006_Join Class/a_description"), 0): Object 'Object Repository/02_Web/03_Home/SC006_Join Class/a_description' is present

2022-07-16 22:21:43 - [MESSAGE][WARNING] - Timeout '0' is invalid. Using default page load timeout: '30'

2022-07-16 22:21:49 - [MESSAGE][PASSED] - Object 'Object Repository/02_Web/03_Home/SC006_Join Class/a_description' is present

2022-07-16 22:21:49 - [TEST_STEP][PASSED] - closeBrowser(): Browser is closed

2022-07-16 22:21:50 - [MESSAGE][PASSED] - Browser is closed]]></system-out>
         <system-err><![CDATA[]]></system-err>
      </testcase>
      <testcase name="Test Cases/02_Web/03_Home/SC008_Active Class/TC001_View All Active Class" time="34.366" classname="Test Cases/02_Web/03_Home/SC008_Active Class/TC001_View All Active Class" status="PASSED">
         <system-out><![CDATA[2022-07-16 22:21:50 - [TEST_CASE][PASSED] - Test Cases/02_Web/03_Home/SC008_Active Class/TC001_View All Active Class: Test Cases/02_Web/03_Home/SC008_Active Class/TC001_View All Active Class

2022-07-16 22:21:50 - [TEST_STEP][PASSED] - callTestCase(findTestCase("02_Web/signin"), [:], STOP_ON_FAILURE): Call Test Case 'Test Cases/02_Web/signin' successfully

2022-07-16 22:21:51 - [TEST_CASE][PASSED] - Test Cases/02_Web/signin: Test Cases/02_Web/signin

2022-07-16 22:21:51 - [TEST_STEP][PASSED] - openBrowser(url_website, CONTINUE_ON_FAILURE): Browser is opened with url: 'https://capstone-study-space.netlify.app/'

2022-07-16 22:21:51 - [MESSAGE][INFO] - Starting 'Chrome' driver

2022-07-16 22:21:51 - [MESSAGE][INFO] - Action delay is set to 0 milliseconds

2022-07-16 22:21:53 - [MESSAGE][PASSED] - Browser is opened with url: 'https://capstone-study-space.netlify.app/'

2022-07-16 22:21:53 - [TEST_STEP][PASSED] - maximizeWindow(CONTINUE_ON_FAILURE): Current window maximized

2022-07-16 22:21:54 - [MESSAGE][PASSED] - Current window maximized

2022-07-16 22:21:54 - [TEST_STEP][PASSED] - click(findTestObject("02_Web/02_Auth/SC003_Sign In/button_Login"), CONTINUE_ON_FAILURE): Object: 'Object Repository/02_Web/02_Auth/SC003_Sign In/button_Login' is clicked on

2022-07-16 22:21:55 - [MESSAGE][PASSED] - Object: 'Object Repository/02_Web/02_Auth/SC003_Sign In/button_Login' is clicked on

2022-07-16 22:21:55 - [TEST_STEP][PASSED] - setText(findTestObject("02_Web/02_Auth/SC003_Sign In/input_email_email"), "archen@gmail.com", CONTINUE_ON_FAILURE): Text 'archen@gmail.com' is set on object 'Object Repository/02_Web/02_Auth/SC003_Sign In/input_email_email'

2022-07-16 22:21:55 - [MESSAGE][PASSED] - Text 'archen@gmail.com' is set on object 'Object Repository/02_Web/02_Auth/SC003_Sign In/input_email_email'

2022-07-16 22:21:55 - [TEST_STEP][PASSED] - setText(findTestObject("02_Web/02_Auth/SC003_Sign In/input_password_password"), "Archen123!", CONTINUE_ON_FAILURE): Text 'Archen123!' is set on object 'Object Repository/02_Web/02_Auth/SC003_Sign In/input_password_password'

2022-07-16 22:21:56 - [MESSAGE][PASSED] - Text 'Archen123!' is set on object 'Object Repository/02_Web/02_Auth/SC003_Sign In/input_password_password'

2022-07-16 22:21:56 - [TEST_STEP][PASSED] - click(findTestObject("02_Web/02_Auth/SC003_Sign In/button_Login_submit"), CONTINUE_ON_FAILURE): Object: 'Object Repository/02_Web/02_Auth/SC003_Sign In/button_Login_submit' is clicked on

2022-07-16 22:21:57 - [MESSAGE][PASSED] - Object: 'Object Repository/02_Web/02_Auth/SC003_Sign In/button_Login_submit' is clicked on

2022-07-16 22:21:57 - [MESSAGE][PASSED] - Call Test Case 'Test Cases/02_Web/signin' successfully

2022-07-16 22:21:57 - [TEST_STEP][PASSED] - click(findTestObject("02_Web/03_Home/SC008_Active Class/a_view all")): Object: 'Object Repository/02_Web/03_Home/SC008_Active Class/a_view all' is clicked on

2022-07-16 22:22:06 - [MESSAGE][PASSED] - Object: 'Object Repository/02_Web/03_Home/SC008_Active Class/a_view all' is clicked on

2022-07-16 22:22:06 - [TEST_STEP][PASSED] - waitForElementPresent(findTestObject("02_Web/03_Home/SC008_Active Class/div_AllClass StudentClass Teacher"), 0): Object 'Object Repository/02_Web/03_Home/SC008_Active Class/div_AllClass StudentClass Teacher' is present

2022-07-16 22:22:06 - [MESSAGE][WARNING] - Timeout '0' is invalid. Using default page load timeout: '30'

2022-07-16 22:22:24 - [MESSAGE][PASSED] - Object 'Object Repository/02_Web/03_Home/SC008_Active Class/div_AllClass StudentClass Teacher' is present

2022-07-16 22:22:24 - [TEST_STEP][PASSED] - closeBrowser(): Browser is closed

2022-07-16 22:22:24 - [MESSAGE][PASSED] - Browser is closed]]></system-out>
         <system-err><![CDATA[]]></system-err>
      </testcase>
      <testcase name="Test Cases/02_Web/04_My Class/SC009_Class List/TC001_View Detail Class in My Class" time="23.25" classname="Test Cases/02_Web/04_My Class/SC009_Class List/TC001_View Detail Class in My Class" status="PASSED">
         <system-out><![CDATA[2022-07-16 22:22:24 - [TEST_CASE][PASSED] - Test Cases/02_Web/04_My Class/SC009_Class List/TC001_View Detail Class in My Class: Test Cases/02_Web/04_My Class/SC009_Class List/TC001_View Detail Class in My Class

2022-07-16 22:22:25 - [TEST_STEP][PASSED] - callTestCase(findTestCase("02_Web/signin"), [:], STOP_ON_FAILURE): Call Test Case 'Test Cases/02_Web/signin' successfully

2022-07-16 22:22:25 - [TEST_CASE][PASSED] - Test Cases/02_Web/signin: Test Cases/02_Web/signin

2022-07-16 22:22:25 - [TEST_STEP][PASSED] - openBrowser(url_website, CONTINUE_ON_FAILURE): Browser is opened with url: 'https://capstone-study-space.netlify.app/'

2022-07-16 22:22:25 - [MESSAGE][INFO] - Starting 'Chrome' driver

2022-07-16 22:22:25 - [MESSAGE][INFO] - Action delay is set to 0 milliseconds

2022-07-16 22:22:28 - [MESSAGE][PASSED] - Browser is opened with url: 'https://capstone-study-space.netlify.app/'

2022-07-16 22:22:28 - [TEST_STEP][PASSED] - maximizeWindow(CONTINUE_ON_FAILURE): Current window maximized

2022-07-16 22:22:28 - [MESSAGE][PASSED] - Current window maximized

2022-07-16 22:22:28 - [TEST_STEP][PASSED] - click(findTestObject("02_Web/02_Auth/SC003_Sign In/button_Login"), CONTINUE_ON_FAILURE): Object: 'Object Repository/02_Web/02_Auth/SC003_Sign In/button_Login' is clicked on

2022-07-16 22:22:28 - [MESSAGE][PASSED] - Object: 'Object Repository/02_Web/02_Auth/SC003_Sign In/button_Login' is clicked on

2022-07-16 22:22:28 - [TEST_STEP][PASSED] - setText(findTestObject("02_Web/02_Auth/SC003_Sign In/input_email_email"), "archen@gmail.com", CONTINUE_ON_FAILURE): Text 'archen@gmail.com' is set on object 'Object Repository/02_Web/02_Auth/SC003_Sign In/input_email_email'

2022-07-16 22:22:29 - [MESSAGE][PASSED] - Text 'archen@gmail.com' is set on object 'Object Repository/02_Web/02_Auth/SC003_Sign In/input_email_email'

2022-07-16 22:22:29 - [TEST_STEP][PASSED] - setText(findTestObject("02_Web/02_Auth/SC003_Sign In/input_password_password"), "Archen123!", CONTINUE_ON_FAILURE): Text 'Archen123!' is set on object 'Object Repository/02_Web/02_Auth/SC003_Sign In/input_password_password'

2022-07-16 22:22:30 - [MESSAGE][PASSED] - Text 'Archen123!' is set on object 'Object Repository/02_Web/02_Auth/SC003_Sign In/input_password_password'

2022-07-16 22:22:30 - [TEST_STEP][PASSED] - click(findTestObject("02_Web/02_Auth/SC003_Sign In/button_Login_submit"), CONTINUE_ON_FAILURE): Object: 'Object Repository/02_Web/02_Auth/SC003_Sign In/button_Login_submit' is clicked on

2022-07-16 22:22:31 - [MESSAGE][PASSED] - Object: 'Object Repository/02_Web/02_Auth/SC003_Sign In/button_Login_submit' is clicked on

2022-07-16 22:22:31 - [MESSAGE][PASSED] - Call Test Case 'Test Cases/02_Web/signin' successfully

2022-07-16 22:22:31 - [TEST_STEP][PASSED] - click(findTestObject("02_Web/04_My Class/SC009_Class List/menu_sidebar")): Object: 'Object Repository/02_Web/04_My Class/SC009_Class List/menu_sidebar' is clicked on

2022-07-16 22:22:38 - [MESSAGE][PASSED] - Object: 'Object Repository/02_Web/04_My Class/SC009_Class List/menu_sidebar' is clicked on

2022-07-16 22:22:38 - [TEST_STEP][PASSED] - click(findTestObject("02_Web/04_My Class/SC009_Class List/a_my class")): Object: 'Object Repository/02_Web/04_My Class/SC009_Class List/a_my class' is clicked on

2022-07-16 22:22:39 - [MESSAGE][PASSED] - Object: 'Object Repository/02_Web/04_My Class/SC009_Class List/a_my class' is clicked on

2022-07-16 22:22:39 - [TEST_STEP][PASSED] - click(findTestObject("02_Web/04_My Class/SC009_Class List/a_All")): Object: 'Object Repository/02_Web/04_My Class/SC009_Class List/a_All' is clicked on

2022-07-16 22:22:44 - [MESSAGE][PASSED] - Object: 'Object Repository/02_Web/04_My Class/SC009_Class List/a_All' is clicked on

2022-07-16 22:22:44 - [TEST_STEP][PASSED] - class_name = getText(findTestObject("02_Web/04_My Class/SC009_Class List/class_name_myclass"), STOP_ON_FAILURE).toUpperCase(): Text of object 'Object Repository/02_Web/04_My Class/SC009_Class List/class_name_myclass' is: 'Quality Engineer 1'

2022-07-16 22:22:44 - [MESSAGE][PASSED] - Text of object 'Object Repository/02_Web/04_My Class/SC009_Class List/class_name_myclass' is: 'Quality Engineer 1'

2022-07-16 22:22:44 - [TEST_STEP][PASSED] - click(findTestObject("02_Web/04_My Class/SC009_Class List/all_class_object")): Object: 'Object Repository/02_Web/04_My Class/SC009_Class List/all_class_object' is clicked on

2022-07-16 22:22:45 - [MESSAGE][PASSED] - Object: 'Object Repository/02_Web/04_My Class/SC009_Class List/all_class_object' is clicked on

2022-07-16 22:22:45 - [TEST_STEP][PASSED] - verifyElementText(findTestObject("02_Web/04_My Class/SC009_Class List/class_name_detail"), class_name, CONTINUE_ON_FAILURE): Actual text and expected text of test object 'Object Repository/02_Web/04_My Class/SC009_Class List/class_name_detail' are matched.

2022-07-16 22:22:47 - [MESSAGE][PASSED] - Actual text and expected text of test object 'Object Repository/02_Web/04_My Class/SC009_Class List/class_name_detail' are matched.

2022-07-16 22:22:47 - [TEST_STEP][PASSED] - closeBrowser(): Browser is closed

2022-07-16 22:22:48 - [MESSAGE][PASSED] - Browser is closed]]></system-out>
         <system-err><![CDATA[]]></system-err>
      </testcase>
      <testcase name="Test Cases/02_Web/04_My Class/SC009_Class List/TC002_View Detail Student Class in My Class" time="52.554" classname="Test Cases/02_Web/04_My Class/SC009_Class List/TC002_View Detail Student Class in My Class" status="PASSED">
         <system-out><![CDATA[2022-07-16 22:22:48 - [TEST_CASE][PASSED] - Test Cases/02_Web/04_My Class/SC009_Class List/TC002_View Detail Student Class in My Class: Test Cases/02_Web/04_My Class/SC009_Class List/TC002_View Detail Student Class in My Class

2022-07-16 22:22:48 - [TEST_STEP][PASSED] - callTestCase(findTestCase("02_Web/signin"), [:], STOP_ON_FAILURE): Call Test Case 'Test Cases/02_Web/signin' successfully

2022-07-16 22:22:48 - [TEST_CASE][PASSED] - Test Cases/02_Web/signin: Test Cases/02_Web/signin

2022-07-16 22:22:48 - [TEST_STEP][PASSED] - openBrowser(url_website, CONTINUE_ON_FAILURE): Browser is opened with url: 'https://capstone-study-space.netlify.app/'

2022-07-16 22:22:48 - [MESSAGE][INFO] - Starting 'Chrome' driver

2022-07-16 22:22:48 - [MESSAGE][INFO] - Action delay is set to 0 milliseconds

2022-07-16 22:22:51 - [MESSAGE][PASSED] - Browser is opened with url: 'https://capstone-study-space.netlify.app/'

2022-07-16 22:22:51 - [TEST_STEP][PASSED] - maximizeWindow(CONTINUE_ON_FAILURE): Current window maximized

2022-07-16 22:22:51 - [MESSAGE][PASSED] - Current window maximized

2022-07-16 22:22:51 - [TEST_STEP][PASSED] - click(findTestObject("02_Web/02_Auth/SC003_Sign In/button_Login"), CONTINUE_ON_FAILURE): Object: 'Object Repository/02_Web/02_Auth/SC003_Sign In/button_Login' is clicked on

2022-07-16 22:22:52 - [MESSAGE][PASSED] - Object: 'Object Repository/02_Web/02_Auth/SC003_Sign In/button_Login' is clicked on

2022-07-16 22:22:52 - [TEST_STEP][PASSED] - setText(findTestObject("02_Web/02_Auth/SC003_Sign In/input_email_email"), "archen@gmail.com", CONTINUE_ON_FAILURE): Text 'archen@gmail.com' is set on object 'Object Repository/02_Web/02_Auth/SC003_Sign In/input_email_email'

2022-07-16 22:22:53 - [MESSAGE][PASSED] - Text 'archen@gmail.com' is set on object 'Object Repository/02_Web/02_Auth/SC003_Sign In/input_email_email'

2022-07-16 22:22:53 - [TEST_STEP][PASSED] - setText(findTestObject("02_Web/02_Auth/SC003_Sign In/input_password_password"), "Archen123!", CONTINUE_ON_FAILURE): Text 'Archen123!' is set on object 'Object Repository/02_Web/02_Auth/SC003_Sign In/input_password_password'

2022-07-16 22:22:54 - [MESSAGE][PASSED] - Text 'Archen123!' is set on object 'Object Repository/02_Web/02_Auth/SC003_Sign In/input_password_password'

2022-07-16 22:22:54 - [TEST_STEP][PASSED] - click(findTestObject("02_Web/02_Auth/SC003_Sign In/button_Login_submit"), CONTINUE_ON_FAILURE): Object: 'Object Repository/02_Web/02_Auth/SC003_Sign In/button_Login_submit' is clicked on

2022-07-16 22:22:54 - [MESSAGE][PASSED] - Object: 'Object Repository/02_Web/02_Auth/SC003_Sign In/button_Login_submit' is clicked on

2022-07-16 22:22:54 - [MESSAGE][PASSED] - Call Test Case 'Test Cases/02_Web/signin' successfully

2022-07-16 22:22:54 - [TEST_STEP][PASSED] - click(findTestObject("02_Web/04_My Class/SC009_Class List/menu_sidebar")): Object: 'Object Repository/02_Web/04_My Class/SC009_Class List/menu_sidebar' is clicked on

2022-07-16 22:23:02 - [MESSAGE][PASSED] - Object: 'Object Repository/02_Web/04_My Class/SC009_Class List/menu_sidebar' is clicked on

2022-07-16 22:23:02 - [TEST_STEP][PASSED] - click(findTestObject("02_Web/04_My Class/SC009_Class List/a_my class")): Object: 'Object Repository/02_Web/04_My Class/SC009_Class List/a_my class' is clicked on

2022-07-16 22:23:02 - [MESSAGE][PASSED] - Object: 'Object Repository/02_Web/04_My Class/SC009_Class List/a_my class' is clicked on

2022-07-16 22:23:02 - [TEST_STEP][PASSED] - click(findTestObject("02_Web/04_My Class/SC009_Class List/a_Student")): Object: 'Object Repository/02_Web/04_My Class/SC009_Class List/a_Student' is clicked on

2022-07-16 22:23:07 - [MESSAGE][PASSED] - Object: 'Object Repository/02_Web/04_My Class/SC009_Class List/a_Student' is clicked on

2022-07-16 22:23:07 - [TEST_STEP][PASSED] - class_name = getText(findTestObject("02_Web/04_My Class/SC009_Class List/class_name_myclass"), STOP_ON_FAILURE).toUpperCase(): Text of object 'Object Repository/02_Web/04_My Class/SC009_Class List/class_name_myclass' is: 'Kelas Baru'

[...]

2022-07-16 22:35:00 - [MESSAGE][PASSED] - Text 'Archen123!' is set on object 'Object Repository/02_Web/02_Auth/SC003_Sign In/input_password_password'

2022-07-16 22:35:00 - [TEST_STEP][PASSED] - click(findTestObject("02_Web/02_Auth/SC003_Sign In/button_Login_submit"), CONTINUE_ON_FAILURE): Object: 'Object Repository/02_Web/02_Auth/SC003_Sign In/button_Login_submit' is clicked on

2022-07-16 22:35:01 - [MESSAGE][PASSED] - Object: 'Object Repository/02_Web/02_Auth/SC003_Sign In/button_Login_submit' is clicked on

2022-07-16 22:35:01 - [MESSAGE][PASSED] - Call Test Case 'Test Cases/02_Web/signin' successfully

2022-07-16 22:35:01 - [TEST_STEP][PASSED] - click(findTestObject("02_Web/06_Settings/button_profile")): Object: 'Object Repository/02_Web/06_Settings/button_profile' is clicked on

2022-07-16 22:35:08 - [MESSAGE][PASSED] - Object: 'Object Repository/02_Web/06_Settings/button_profile' is clicked on

2022-07-16 22:35:08 - [TEST_STEP][PASSED] - click(findTestObject("02_Web/06_Settings/menu_my account")): Object: 'Object Repository/02_Web/06_Settings/menu_my account' is clicked on

2022-07-16 22:35:09 - [MESSAGE][PASSED] - Object: 'Object Repository/02_Web/06_Settings/menu_my account' is clicked on

2022-07-16 22:35:09 - [TEST_STEP][PASSED] - click(findTestObject("02_Web/06_Settings/input_name_name")): Object: 'Object Repository/02_Web/06_Settings/input_name_name' is clicked on

2022-07-16 22:35:09 - [MESSAGE][PASSED] - Object: 'Object Repository/02_Web/06_Settings/input_name_name' is clicked on

2022-07-16 22:35:09 - [TEST_STEP][PASSED] - click(findTestObject("02_Web/06_Settings/SC025_Edit Profile/change_name_ico")): Object: 'Object Repository/02_Web/06_Settings/SC025_Edit Profile/change_name_ico' is clicked on

2022-07-16 22:35:10 - [MESSAGE][PASSED] - Object: 'Object Repository/02_Web/06_Settings/SC025_Edit Profile/change_name_ico' is clicked on

2022-07-16 22:35:10 - [TEST_STEP][PASSED] - setText(findTestObject("02_Web/06_Settings/input_name_name"), "Archie"): Text 'Archie' is set on object 'Object Repository/02_Web/06_Settings/input_name_name'

2022-07-16 22:35:10 - [MESSAGE][PASSED] - Text 'Archie' is set on object 'Object Repository/02_Web/06_Settings/input_name_name'

2022-07-16 22:35:10 - [TEST_STEP][PASSED] - click(findTestObject("02_Web/06_Settings/SC025_Edit Profile/change_name_ico")): Object: 'Object Repository/02_Web/06_Settings/SC025_Edit Profile/change_name_ico' is clicked on

2022-07-16 22:35:11 - [MESSAGE][PASSED] - Object: 'Object Repository/02_Web/06_Settings/SC025_Edit Profile/change_name_ico' is clicked on

2022-07-16 22:35:11 - [TEST_STEP][PASSED] - click(findTestObject("02_Web/06_Settings/SC025_Edit Profile/change_email_ico")): Object: 'Object Repository/02_Web/06_Settings/SC025_Edit Profile/change_email_ico' is clicked on

2022-07-16 22:35:11 - [MESSAGE][PASSED] - Object: 'Object Repository/02_Web/06_Settings/SC025_Edit Profile/change_email_ico' is clicked on

2022-07-16 22:35:11 - [TEST_STEP][PASSED] - setText(findTestObject("02_Web/06_Settings/input_email_email"), "archens@gmail.com"): Text 'archens@gmail.com' is set on object 'Object Repository/02_Web/06_Settings/input_email_email'

2022-07-16 22:35:12 - [MESSAGE][PASSED] - Text 'archens@gmail.com' is set on object 'Object Repository/02_Web/06_Settings/input_email_email'

2022-07-16 22:35:12 - [TEST_STEP][PASSED] - click(findTestObject("02_Web/06_Settings/SC025_Edit Profile/change_email_ico")): Object: 'Object Repository/02_Web/06_Settings/SC025_Edit Profile/change_email_ico' is clicked on

2022-07-16 22:35:13 - [MESSAGE][PASSED] - Object: 'Object Repository/02_Web/06_Settings/SC025_Edit Profile/change_email_ico' is clicked on

2022-07-16 22:35:13 - [TEST_STEP][PASSED] - click(findTestObject("02_Web/06_Settings/SC025_Edit Profile/change_telp_ico")): Object: 'Object Repository/02_Web/06_Settings/SC025_Edit Profile/change_telp_ico' is clicked on

2022-07-16 22:35:13 - [MESSAGE][PASSED] - Object: 'Object Repository/02_Web/06_Settings/SC025_Edit Profile/change_telp_ico' is clicked on

2022-07-16 22:35:13 - [TEST_STEP][PASSED] - setText(findTestObject("02_Web/06_Settings/input_telepon_telepon"), "082345678900"): Text '082345678900' is set on object 'Object Repository/02_Web/06_Settings/input_telepon_telepon'

2022-07-16 22:35:14 - [MESSAGE][PASSED] - Text '082345678900' is set on object 'Object Repository/02_Web/06_Settings/input_telepon_telepon'

2022-07-16 22:35:14 - [TEST_STEP][PASSED] - click(findTestObject("02_Web/06_Settings/SC025_Edit Profile/change_telp_ico")): Object: 'Object Repository/02_Web/06_Settings/SC025_Edit Profile/change_telp_ico' is clicked on

2022-07-16 22:35:14 - [MESSAGE][PASSED] - Object: 'Object Repository/02_Web/06_Settings/SC025_Edit Profile/change_telp_ico' is clicked on

2022-07-16 22:35:14 - [TEST_STEP][PASSED] - click(findTestObject("02_Web/06_Settings/button_Change")): Object: 'Object Repository/02_Web/06_Settings/button_Change' is clicked on

2022-07-16 22:35:15 - [MESSAGE][PASSED] - Object: 'Object Repository/02_Web/06_Settings/button_Change' is clicked on

2022-07-16 22:35:15 - [TEST_STEP][PASSED] - click(findTestObject("02_Web/06_Settings/button_Yes")): Object: 'Object Repository/02_Web/06_Settings/button_Yes' is clicked on

2022-07-16 22:35:15 - [MESSAGE][PASSED] - Object: 'Object Repository/02_Web/06_Settings/button_Yes' is clicked on

2022-07-16 22:35:15 - [TEST_STEP][PASSED] - verifyElementPresent(findTestObject("02_Web/06_Settings/SC025_Edit Profile/success_msg"), 0): Object 'Object Repository/02_Web/06_Settings/SC025_Edit Profile/success_msg' is present

2022-07-16 22:35:15 - [MESSAGE][WARNING] - Timeout '0' is invalid. Using default page load timeout: '30'

2022-07-16 22:35:19 - [MESSAGE][PASSED] - Object 'Object Repository/02_Web/06_Settings/SC025_Edit Profile/success_msg' is present

2022-07-16 22:35:19 - [TEST_STEP][PASSED] - click(findTestObject("02_Web/06_Settings/button_OK")): Object: 'Object Repository/02_Web/06_Settings/button_OK' is clicked on

2022-07-16 22:35:19 - [MESSAGE][PASSED] - Object: 'Object Repository/02_Web/06_Settings/button_OK' is clicked on

2022-07-16 22:35:19 - [TEST_STEP][PASSED] - closeBrowser(): Browser is closed

2022-07-16 22:35:20 - [MESSAGE][PASSED] - Browser is closed]]></system-out>
         <system-err><![CDATA[]]></system-err>
      </testcase>
      <system-out><![CDATA[2022-07-16 22:18:03 - [TEST_SUITE][FAILED] - Regression_Web: Test Cases/02_Web/04_My Class/SC012_Request Counselling Notifications/TC002_Confirm Request Counselling FAILED.
Reason:
com.kms.katalon.core.exception.StepFailedException: Unable to click on object 'Object Repository/02_Web/04_My Class/SC012_Request Counselling Notifications/notif_object' (Root cause: com.kms.katalon.core.exception.StepFailedException: Unable to click on object 'Object Repository/02_Web/04_My Class/SC012_Request Counselling Notifications/notif_object'
	at com.kms.katalon.core.webui.keyword.internal.WebUIKeywordMain.stepFailed(WebUIKeywordMain.groovy:64)
	at com.kms.katalon.core.webui.keyword.internal.WebUIKeywordMain.runKeyword(WebUIKeywordMain.groovy:26)
	at com.kms.katalon.core.webui.keyword.builtin.ClickKeyword.click(ClickKeyword.groovy:74)
	at com.kms.katalon.core.webui.keyword.builtin.ClickKeyword.execute(ClickKeyword.groovy:40)
	at com.kms.katalon.core.keyword.internal.KeywordExecutor.executeKeywordForPlatform(KeywordExecutor.groovy:74)
	at com.kms.katalon.core.webui.keyword.WebUiBuiltInKeywords.click(WebUiBuiltInKeywords.groovy:620)
	at com.kms.katalon.core.webui.keyword.WebUiBuiltInKeywords$click$2.call(Unknown Source)
	at TC002_Confirm Request Counselling.run(TC002_Confirm Request Counselling:30)
	at com.kms.katalon.core.main.ScriptEngine.run(ScriptEngine.java:194)
	at com.kms.katalon.core.main.ScriptEngine.runScriptAsRawText(ScriptEngine.java:119)
	at com.kms.katalon.core.main.TestCaseExecutor.runScript(TestCaseExecutor.java:442)
	at com.kms.katalon.core.main.TestCaseExecutor.doExecute(TestCaseExecutor.java:433)
	at com.kms.katalon.core.main.TestCaseExecutor.processExecutionPhase(TestCaseExecutor.java:412)
	at com.kms.katalon.core.main.TestCaseExecutor.accessMainPhase(TestCaseExecutor.java:404)
	at com.kms.katalon.core.main.TestCaseExecutor.execute(TestCaseExecutor.java:281)
	at com.kms.katalon.core.main.TestSuiteExecutor.accessTestCaseMainPhase(TestSuiteExecutor.java:202)
	at com.kms.katalon.core.main.TestSuiteExecutor.accessTestSuiteMainPhase(TestSuiteExecutor.java:164)
	at com.kms.katalon.core.main.TestSuiteExecutor.execute(TestSuiteExecutor.java:105)
	at com.kms.katalon.core.main.TestCaseMain.startTestSuite(TestCaseMain.java:185)
	at com.kms.katalon.core.main.TestCaseMain$startTestSuite$0.call(Unknown Source)
	at TempTestSuite1657984678655.run(TempTestSuite1657984678655.groovy:36)
Caused by: com.kms.katalon.core.webui.exception.WebElementNotFoundException: Web element with id: 'Object Repository/02_Web/04_My Class/SC012_Request Counselling Notifications/notif_object' located by '/html/body/div[1]/div/div[4]/div/div[3]/div[1]/div[2]/div[2]' not found
	at com.kms.katalon.core.webui.common.WebUiCommonHelper.findWebElement(WebUiCommonHelper.java:1370)
	at com.kms.katalon.core.webui.keyword.internal.WebUIAbstractKeyword.findWebElement(WebUIAbstractKeyword.groovy:27)
	at com.kms.katalon.core.webui.keyword.builtin.ClickKeyword$_click_closure1.doCall(ClickKeyword.groovy:65)
	at com.kms.katalon.core.webui.keyword.builtin.ClickKeyword$_click_closure1.call(ClickKeyword.groovy)
	at com.kms.katalon.core.webui.keyword.internal.WebUIKeywordMain.runKeyword(WebUIKeywordMain.groovy:20)
	at com.kms.katalon.core.webui.keyword.builtin.ClickKeyword.click(ClickKeyword.groovy:74)
	at com.kms.katalon.core.webui.keyword.builtin.ClickKeyword.execute(ClickKeyword.groovy:40)
	at com.kms.katalon.core.keyword.internal.KeywordExecutor.executeKeywordForPlatform(KeywordExecutor.groovy:74)
	at com.kms.katalon.core.webui.keyword.WebUiBuiltInKeywords.click(WebUiBuiltInKeywords.groovy:620)
	at com.kms.katalon.core.webui.keyword.WebUiBuiltInKeywords$click$2.call(Unknown Source)
	at Script1657976668303.run(Script1657976668303.groovy:30)
	... 13 more
)
	at com.kms.katalon.core.keyword.internal.KeywordMain.stepFailed(KeywordMain.groovy:39)
	at com.kms.katalon.core.webui.keyword.internal.WebUIKeywordMain.stepFailed(WebUIKeywordMain.groovy:64)
	at com.kms.katalon.core.webui.keyword.internal.WebUIKeywordMain.runKeyword(WebUIKeywordMain.groovy:26)
	at com.kms.katalon.core.webui.keyword.builtin.ClickKeyword.click(ClickKeyword.groovy:74)
	at com.kms.katalon.core.webui.keyword.builtin.ClickKeyword.execute(ClickKeyword.groovy:40)
	at com.kms.katalon.core.keyword.internal.KeywordExecutor.executeKeywordForPlatform(KeywordExecutor.groovy:74)
	at com.kms.katalon.core.webui.keyword.WebUiBuiltInKeywords.click(WebUiBuiltInKeywords.groovy:620)
	at com.kms.katalon.core.webui.keyword.WebUiBuiltInKeywords$click$2.call(Unknown Source)
	at TC002_Confirm Request Counselling.run(TC002_Confirm Request Counselling:30)
	at com.kms.katalon.core.main.ScriptEngine.run(ScriptEngine.java:194)
	at com.kms.katalon.core.main.ScriptEngine.runScriptAsRawText(ScriptEngine.java:119)
	at com.kms.katalon.core.main.TestCaseExecutor.runScript(TestCaseExecutor.java:442)
	at com.kms.katalon.core.main.TestCaseExecutor.doExecute(TestCaseExecutor.java:433)
	at com.kms.katalon.core.main.TestCaseExecutor.processExecutionPhase(TestCaseExecutor.java:412)
	at com.kms.katalon.core.main.TestCaseExecutor.accessMainPhase(TestCaseExecutor.java:404)
	at com.kms.katalon.core.main.TestCaseExecutor.execute(TestCaseExecutor.java:281)
	at com.kms.katalon.core.main.TestSuiteExecutor.accessTestCaseMainPhase(TestSuiteExecutor.java:202)
	at com.kms.katalon.core.main.TestSuiteExecutor.accessTestSuiteMainPhase(TestSuiteExecutor.java:164)
	at com.kms.katalon.core.main.TestSuiteExecutor.execute(TestSuiteExecutor.java:105)
	at com.kms.katalon.core.main.TestCaseMain.startTestSuite(TestCaseMain.java:185)
	at com.kms.katalon.core.main.TestCaseMain$startTestSuite$0.call(Unknown Source)
	at TempTestSuite1657984678655.run(TempTestSuite1657984678655.groovy:36)
Caused by: com.kms.katalon.core.exception.StepFailedException: Unable to click on object 'Object Repository/02_Web/04_My Class/SC012_Request Counselling Notifications/notif_object'
	... 21 more
Caused by: com.kms.katalon.core.webui.exception.WebElementNotFoundException: Web element with id: 'Object Repository/02_Web/04_My Class/SC012_Request Counselling Notifications/notif_object' located by '/html/body/div[1]/div/div[4]/div/div[3]/div[1]/div[2]/div[2]' not found
	at com.kms.katalon.core.webui.common.WebUiCommonHelper.findWebElement(WebUiCommonHelper.java:1370)
	at com.kms.katalon.core.webui.keyword.internal.WebUIAbstractKeyword.findWebElement(WebUIAbstractKeyword.groovy:27)
	at com.kms.katalon.core.webui.keyword.builtin.ClickKeyword$_click_closure1.doCall(ClickKeyword.groovy:65)
	at com.kms.katalon.core.webui.keyword.builtin.ClickKeyword$_click_closure1.call(ClickKeyword.groovy)
	at com.kms.katalon.core.webui.keyword.internal.WebUIKeywordMain.runKeyword(WebUIKeywordMain.groovy:20)
	... 19 more]]></system-out>
      <system-err><![CDATA[2022-07-16 22:18:03 - [TEST_SUITE][FAILED] - Regression_Web: Test Cases/02_Web/04_My Class/SC012_Request Counselling Notifications/TC002_Confirm Request Counselling FAILED.
Reason:
com.kms.katalon.core.exception.StepFailedException: Unable to click on object 'Object Repository/02_Web/04_My Class/SC012_Request Counselling Notifications/notif_object' (Root cause: com.kms.katalon.core.exception.StepFailedException: Unable to click on object 'Object Repository/02_Web/04_My Class/SC012_Request Counselling Notifications/notif_object'
	at com.kms.katalon.core.webui.keyword.internal.WebUIKeywordMain.stepFailed(WebUIKeywordMain.groovy:64)
	at com.kms.katalon.core.webui.keyword.internal.WebUIKeywordMain.runKeyword(WebUIKeywordMain.groovy:26)
	at com.kms.katalon.core.webui.keyword.builtin.ClickKeyword.click(ClickKeyword.groovy:74)
	at com.kms.katalon.core.webui.keyword.builtin.ClickKeyword.execute(ClickKeyword.groovy:40)
	at com.kms.katalon.core.keyword.internal.KeywordExecutor.executeKeywordForPlatform(KeywordExecutor.groovy:74)
	at com.kms.katalon.core.webui.keyword.WebUiBuiltInKeywords.click(WebUiBuiltInKeywords.groovy:620)
	at com.kms.katalon.core.webui.keyword.WebUiBuiltInKeywords$click$2.call(Unknown Source)
	at TC002_Confirm Request Counselling.run(TC002_Confirm Request Counselling:30)
	at com.kms.katalon.core.main.ScriptEngine.run(ScriptEngine.java:194)
	at com.kms.katalon.core.main.ScriptEngine.runScriptAsRawText(ScriptEngine.java:119)
	at com.kms.katalon.core.main.TestCaseExecutor.runScript(TestCaseExecutor.java:442)
	at com.kms.katalon.core.main.TestCaseExecutor.doExecute(TestCaseExecutor.java:433)
	at com.kms.katalon.core.main.TestCaseExecutor.processExecutionPhase(TestCaseExecutor.java:412)
	at com.kms.katalon.core.main.TestCaseExecutor.accessMainPhase(TestCaseExecutor.java:404)
	at com.kms.katalon.core.main.TestCaseExecutor.execute(TestCaseExecutor.java:281)
	at com.kms.katalon.core.main.TestSuiteExecutor.accessTestCaseMainPhase(TestSuiteExecutor.java:202)
	at com.kms.katalon.core.main.TestSuiteExecutor.accessTestSuiteMainPhase(TestSuiteExecutor.java:164)
	at com.kms.katalon.core.main.TestSuiteExecutor.execute(TestSuiteExecutor.java:105)
	at com.kms.katalon.core.main.TestCaseMain.startTestSuite(TestCaseMain.java:185)
	at com.kms.katalon.core.main.TestCaseMain$startTestSuite$0.call(Unknown Source)
	at TempTestSuite1657984678655.run(TempTestSuite1657984678655.groovy:36)
Caused by: com.kms.katalon.core.webui.exception.WebElementNotFoundException: Web element with id: 'Object Repository/02_Web/04_My Class/SC012_Request Counselling Notifications/notif_object' located by '/html/body/div[1]/div/div[4]/div/div[3]/div[1]/div[2]/div[2]' not found
	at com.kms.katalon.core.webui.common.WebUiCommonHelper.findWebElement(WebUiCommonHelper.java:1370)
	at com.kms.katalon.core.webui.keyword.internal.WebUIAbstractKeyword.findWebElement(WebUIAbstractKeyword.groovy:27)
	at com.kms.katalon.core.webui.keyword.builtin.ClickKeyword$_click_closure1.doCall(ClickKeyword.groovy:65)
	at com.kms.katalon.core.webui.keyword.builtin.ClickKeyword$_click_closure1.call(ClickKeyword.groovy)
	at com.kms.katalon.core.webui.keyword.internal.WebUIKeywordMain.runKeyword(WebUIKeywordMain.groovy:20)
	at com.kms.katalon.core.webui.keyword.builtin.ClickKeyword.click(ClickKeyword.groovy:74)
	at com.kms.katalon.core.webui.keyword.builtin.ClickKeyword.execute(ClickKeyword.groovy:40)
	at com.kms.katalon.core.keyword.internal.KeywordExecutor.executeKeywordForPlatform(KeywordExecutor.groovy:74)
	at com.kms.katalon.core.webui.keyword.WebUiBuiltInKeywords.click(WebUiBuiltInKeywords.groovy:620)
	at com.kms.katalon.core.webui.keyword.WebUiBuiltInKeywords$click$2.call(Unknown Source)
	at Script1657976668303.run(Script1657976668303.groovy:30)
	... 13 more
)
	at com.kms.katalon.core.keyword.internal.KeywordMain.stepFailed(KeywordMain.groovy:39)
	at com.kms.katalon.core.webui.keyword.internal.WebUIKeywordMain.stepFailed(WebUIKeywordMain.groovy:64)
	at com.kms.katalon.core.webui.keyword.internal.WebUIKeywordMain.runKeyword(WebUIKeywordMain.groovy:26)
	at com.kms.katalon.core.webui.keyword.builtin.ClickKeyword.click(ClickKeyword.groovy:74)
	at com.kms.katalon.core.webui.keyword.builtin.ClickKeyword.execute(ClickKeyword.groovy:40)
	at com.kms.katalon.core.keyword.internal.KeywordExecutor.executeKeywordForPlatform(KeywordExecutor.groovy:74)
	at com.kms.katalon.core.webui.keyword.WebUiBuiltInKeywords.click(WebUiBuiltInKeywords.groovy:620)
	at com.kms.katalon.core.webui.keyword.WebUiBuiltInKeywords$click$2.call(Unknown Source)
	at TC002_Confirm Request Counselling.run(TC002_Confirm Request Counselling:30)
	at com.kms.katalon.core.main.ScriptEngine.run(ScriptEngine.java:194)
	at com.kms.katalon.core.main.ScriptEngine.runScriptAsRawText(ScriptEngine.java:119)
	at com.kms.katalon.core.main.TestCaseExecutor.runScript(TestCaseExecutor.java:442)
	at com.kms.katalon.core.main.TestCaseExecutor.doExecute(TestCaseExecutor.java:433)
	at com.kms.katalon.core.main.TestCaseExecutor.processExecutionPhase(TestCaseExecutor.java:412)
	at com.kms.katalon.core.main.TestCaseExecutor.accessMainPhase(TestCaseExecutor.java:404)
	at com.kms.katalon.core.main.TestCaseExecutor.execute(TestCaseExecutor.java:281)
	at com.kms.katalon.core.main.TestSuiteExecutor.accessTestCaseMainPhase(TestSuiteExecutor.java:202)
	at com.kms.katalon.core.main.TestSuiteExecutor.accessTestSuiteMainPhase(TestSuiteExecutor.java:164)
	at com.kms.katalon.core.main.TestSuiteExecutor.execute(TestSuiteExecutor.java:105)
	at com.kms.katalon.core.main.TestCaseMain.startTestSuite(TestCaseMain.java:185)
	at com.kms.katalon.core.main.TestCaseMain$startTestSuite$0.call(Unknown Source)
	at TempTestSuite1657984678655.run(TempTestSuite1657984678655.groovy:36)
Caused by: com.kms.katalon.core.exception.StepFailedException: Unable to click on object 'Object Repository/02_Web/04_My Class/SC012_Request Counselling Notifications/notif_object'
	... 21 more
Caused by: com.kms.katalon.core.webui.exception.WebElementNotFoundException: Web element with id: 'Object Repository/02_Web/04_My Class/SC012_Request Counselling Notifications/notif_object' located by '/html/body/div[1]/div/div[4]/div/div[3]/div[1]/div[2]/div[2]' not found
	at com.kms.katalon.core.webui.common.WebUiCommonHelper.findWebElement(WebUiCommonHelper.java:1370)
	at com.kms.katalon.core.webui.keyword.internal.WebUIAbstractKeyword.findWebElement(WebUIAbstractKeyword.groovy:27)
	at com.kms.katalon.core.webui.keyword.builtin.ClickKeyword$_click_closure1.doCall(ClickKeyword.groovy:65)
	at com.kms.katalon.core.webui.keyword.builtin.ClickKeyword$_click_closure1.call(ClickKeyword.groovy)
	at com.kms.katalon.core.webui.keyword.internal.WebUIKeywordMain.runKeyword(WebUIKeywordMain.groovy:20)
	... 19 more]]></system-err>
   </testsuite>
</testsuites>
